Build Version: AW 2025-157-gd89accf 
MBElib Version: 1.3.4
CODEC2 Support Enabled
VEDA Master Key (128 bits) loaded.
VEDA hypothesis: case7-service
VEDA mode enabled.
VEDA debug enabled.
-fr / DMR Mono switch has been deprecated.
Decoding DMR BS/MS Simplex
Audio In Device: /home/dgm/TEST/1_VEDA/VEDA2_20250626-1750922090300-144125000-12500-1-1-ЧМ-176880.wav
42659    0.889 |  Sync: +DMR MS/DM MODE/MONO | Color Code=XX | Color Code=XX [31m| CACH/Burst FEC ERR[0m
45569    0.949 |  Sync: +DMR MS/DM MODE/MONO | Color Code=XX | Color Code=XX [MS DATA 288] db=0x01 0092004F18066B38AE10F8E9819420C46D5D7F77FD757E3300013033C050C13AD2930473

[VEDA RAW BURST] db=0x01 info=4F18066B38AE10F8E9819420F00013033C050C13AD29304730

[VEDA DB] slot=1 databurst=0x01 ms=1 stereo=1 payload_algid=0x00| VLC vp =  VLC  
[VEDA HARDCORE] db=0x01 len=12 crc=1 fec_err=0 raw=03000001AF546E953391034D

[VEDA RAW] slot=1 sess=1 seq=1 kind=VLC sf=0 len=9 crc=1 irr=0 db=01 aux=03 00 00 00 raw=03000001AF546E9533

[VEDA CAND] slot=1 seq=1 src=VLC01 sf=0 len=9 prev=NONE same_prev=0 ref_mbc=0 ref_vlc=0 role=PREVOICE_VLC has_sbx256=0 has_prssentr=0 bytes=03000001AF546E9533
[32m 
 SLOT 1 TGT=110420 SRC=7247155 
VEDA IDS slot=1 id_a=0x01AF54 (110420) id_b=0x6E9533 (7247155)

[VEDA HTRY] slot=1 src=2 svc=0 b0=03 b1=00 w2=0100 w4=54AF w6=956E sm=0 len_lo=0 len_hi=0 raw_src=7247155 raw_tgt=110420

VEDA HDR MISS slot=1 src=2 b0=03 b1=00 w2=0100 w4=54AF w6=956E can_norm=0 norm_attempted=0 norm_changed=0 norm_rc=0 sm=0 len_lo=0 len_hi=0 raw_src=7247155 raw_tgt=110420

[VEDA BASE] tag=VLC slot=1 sf=0/0 tg=110420 src=7247155 sess_valid=0 stream_valid=0 kx_pos=0 vendor_mi_valid=0 vendor_mi32=00000000 eff_mi=0000000000000000 last_hdr_valid=1 last_hdr_src=2 b0=03 b1=00 w2=0100 w4=54AF w6=956E sm=0 len_lo=0 len_hi=0 f9_count=0
Private Call [0m 
48449    1.009 |  Sync: +DMR MS/DM MODE/MONO | Color Code=01 | Color Code=01 [MS DATA 288] db=0x01 0010004F18066B38AE10F8E9819420C46D5D7F77FD757E3300013033C050C13AD2930473

[VEDA RAW BURST] db=0x01 info=4F18066B38AE10F8E9819420F00013033C050C13AD29304730

[VEDA DB] slot=1 databurst=0x01 ms=1 stereo=1 payload_algid=0x00| VLC vp =  VLC  
[VEDA HARDCORE] db=0x01 len=12 crc=1 fec_err=0 raw=03000001AF546E953391034D

[VEDA RAW] slot=1 sess=1 seq=2 kind=VLC sf=0 len=9 crc=1 irr=0 db=01 aux=03 00 00 00 raw=03000001AF546E9533
[32m 
 SLOT 1 TGT=110420 SRC=7247155 
[VEDA HTRY] slot=1 src=2 svc=0 b0=03 b1=00 w2=0100 w4=54AF w6=956E sm=0 len_lo=0 len_hi=0 raw_src=7247155 raw_tgt=110420

VEDA HDR MISS slot=1 src=2 b0=03 b1=00 w2=0100 w4=54AF w6=956E can_norm=0 norm_attempted=0 norm_changed=0 norm_rc=0 sm=0 len_lo=0 len_hi=0 raw_src=7247155 raw_tgt=110420

[VEDA BASE] tag=VLC slot=1 sf=0/0 tg=110420 src=7247155 sess_valid=0 stream_valid=0 kx_pos=0 vendor_mi_valid=0 vendor_mi32=00000000 eff_mi=0000000000000000 last_hdr_valid=1 last_hdr_src=2 b0=03 b1=00 w2=0100 w4=54AF w6=956E sm=0 len_lo=0 len_hi=0 f9_count=0
Private Call [0m 

[1] [MS VOIC_288] db=0xEB 0000007B1D3A19118ADDB2E4E4E99BAFA7F7D5DD57DFD196C288A764B639AEFAA6953907

[VEDA2 KX64-SRC] slot=1 source=original-ms-burst before_payload_xor=1
51329    1.069 |  Sync: +DMR MS/DM MODE/MONO | Color Code=01 | VC* 

[VEDA NEW] CPS-key16 set: AAAAAAAAAAAAAAAAAAAAAAAAAAAAAAAA
[VEDA2 MS VOICE] slot=0 hyp=0 try=1 cps=1 kx64=0 cand=1 vlc=1 emb=0

[VEDA] WAIT_SESSION slot=1 payload_mi=0000000000000000 eff_mi=0000000000000000

[VEDA BASE] tag=PREVOICE slot=1 sf=0/0 tg=110420 src=7247155 sess_valid=0 stream_valid=0 kx_pos=36 vendor_mi_valid=0 vendor_mi32=00000000 eff_mi=0000000000000000 last_hdr_valid=1 last_hdr_src=2 b0=03 b1=00 w2=0100 w4=54AF w6=956E sm=0 len_lo=0 len_hi=0 f9_count=0

[VEDA NEW] CPS-key16 set: AAAAAAAAAAAAAAAAAAAAAAAAAAAAAAAA
[VEDA2 MS VOICE] slot=0 hyp=0 try=2 cps=1 kx64=0 cand=1 vlc=1 emb=0

[2] [MS VOIC_288] db=0xEB 0000007C7503BED6083887A0DAEFF60A613140F140991565268654BA486592781DF73F69

[VEDA2 KX64-SRC] slot=1 source=original-ms-burst before_payload_xor=1
[VEDA2 KX64] raw=0000007B1D3A19118ADDB2E4E4E99BAFA7F7D5DD57DFD196C288A764B639AEFAA69539070000007C7503BED6083887A0DAEFF60A613140F140991565268654BA

[VEDA KX ATTEMPT] Feeding 64 bytes: 0000007B1D3A19118ADDB2E4E4E99BAFA7F7D5DD57DFD196C288A764B639AEFAA69539070000007C7503BED6083887A0DAEFF60A613140F140991565268654BA

[VEDA NEW] CPS-key16 set: AAAAAAAAAAAAAAAAAAAAAAAAAAAAAAAA
[VEDA2 MS VOICE] slot=0 hyp=0 try=3 cps=1 kx64=1 cand=1 vlc=1 emb=0

[3] [MS VOIC_288] db=0xEB 000000B056DFEBB489D0EEB4DDCA84903171712909C74B7F0E798AC13FDD0B49D9E94FC4

[VEDA2 KX64-SRC] slot=1 source=original-ms-burst before_payload_xor=1

[VEDA NEW] CPS-key16 set: AAAAAAAAAAAAAAAAAAAAAAAAAAAAAAAA
[VEDA2 MS VOICE] slot=0 hyp=0 try=4 cps=1 kx64=1 cand=1 vlc=1 emb=0

[4] [MS VOIC_288] db=0xEB 002400D790E1D4969765F28B1706EEFA5170A361E82743F12080F8336D4EE0ADC655F5D6

[VEDA2 KX64-SRC] slot=1 source=original-ms-burst before_payload_xor=1

[VEDA NEW] CPS-key16 set: AAAAAAAAAAAAAAAAAAAAAAAAAAAAAAAA
[VEDA2 MS VOICE] slot=0 hyp=0 try=5 cps=1 kx64=1 cand=1 vlc=1 emb=0

[5] [MS VOIC_288] db=0xEB 008C005D5C11D120E2B9B31E96330FCC715A9AC0AA007824A8C2BE1E074020C42E73B901

[VEDA2 KX64-SRC] slot=1 source=original-ms-burst before_payload_xor=1

[VEDA NEW] CPS-key16 set: AAAAAAAAAAAAAAAAAAAAAAAAAAAAAAAA
[VEDA2 MS VOICE] slot=0 hyp=0 try=6 cps=1 kx64=1 cand=1 vlc=1 emb=0

[6] [MS VOIC_288] db=0xEB 0220004567CE716F18DE5024523E6BD2D11389185A5E2737540F376F7AAA5FB4A9420184

[VEDA2 KX64-SRC] slot=1 source=original-ms-burst before_payload_xor=1

[VEDA RAW BURST] db=0xEB info=140F14091712909C0A361E82A9AC0AA0000000000000000000

[VEDA DB] slot=1 databurst=0xEB ms=1 stereo=1 payload_algid=0x00
[VEDA HARDCORE] db=0xEB len=9 crc=1 fec_err=0 raw=03000001AF546E9533

[VEDA EMB8] slot=1 b0=03 b1=00 w2=0100 w4=54AF w6=956E

[VEDA RAW] slot=1 sess=1 seq=3 kind=EMB sf=1 len=9 crc=1 irr=0 db=EB aux=03 00 00 00 raw=03000001AF546E9533

[VEDA MS EMB] slot=1 sf=0 len=9 crc=1 fec_err=0 changed=1 uniq=1 raw=03000001AF546E9533

[VEDA2 CAND] src=3 sf=1 len=9 count=2 raw=03000001AF546E9533

[VEDA CAND] slot=1 seq=2 src=VC_EMB sf=1 len=9 prev=VLC01 same_prev=1 ref_mbc=0 ref_vlc=1 role=VOICE_MIRROR_VLC has_sbx256=0 has_prssentr=0 bytes=03000001AF546E9533
[32m SLOT 1 TGT=110420 SRC=7247155 Private Call [0m 
[31m SLOT 1 SB/RC (FEC ERR) E:8; I:389185A5 D:000; [0m FEC ERR 8. Power 0

[VEDA RAW] slot=1 sess=1 seq=4 kind=MI sf=1 len=4 crc=0 irr=0 db=00 aux=00 00 00 00 raw=389185A5

[VEDA MS VOICE-DYN32] slot=1 sf=0 source=VOICE-SBRC32 dyn32=389185A5

[VEDA] SBRC-MI slot=1 I=389185A5
 irr_err 8;
KV|IV set from MI: 00000000 ... 00000000

[VEDA] WAIT_SESSION slot=1 payload_mi=0000000000000000 eff_mi=00000000389185A5

[VEDA BASE] tag=PREVOICE slot=1 sf=1/0 tg=110420 src=7247155 sess_valid=0 stream_valid=0 kx_pos=64 vendor_mi_valid=1 vendor_mi32=389185A5 eff_mi=00000000389185A5 last_hdr_valid=1 last_hdr_src=2 b0=03 b1=00 w2=0100 w4=54AF w6=956E sm=0 len_lo=0 len_hi=0 f9_count=0

[1] [MS VOIC_288] db=0xEB 0000005F9CDAC890E7066ECE6D21072DD7F7D5DD57DFD12833357C1A72046E028D3E03B5

[VEDA2 KX64-SRC] slot=1 source=original-ms-burst before_payload_xor=1
68609    1.429 |  Sync: +DMR MS/DM MODE/MONO | Color Code=01 | VC* 

[VEDA NEW] CPS-key16 set: AAAAAAAAAAAAAAAAAAAAAAAAAAAAAAAA
[VEDA2 MS VOICE] slot=0 hyp=0 try=7 cps=1 kx64=1 cand=1 vlc=1 emb=1

[VEDA NEW] CPS-key16 set: AAAAAAAAAAAAAAAAAAAAAAAAAAAAAAAA
[VEDA2 MS VOICE] slot=0 hyp=0 try=8 cps=1 kx64=1 cand=1 vlc=1 emb=1

[2] [MS VOIC_288] db=0xEB 000400887EDBD49B3896C6AC5DABA66B213140F14099167E7882D623DB01D901B05B0468

[VEDA2 KX64-SRC] slot=1 source=original-ms-burst before_payload_xor=1

[VEDA NEW] CPS-key16 set: AAAAAAAAAAAAAAAAAAAAAAAAAAAAAAAA
[VEDA2 MS VOICE] slot=0 hyp=0 try=9 cps=1 kx64=1 cand=1 vlc=1 emb=1

[3] [MS VOIC_288] db=0xEB 200C00513B3D6A772A737EB003F501D42171712909C74DE2C3C0503BF1BC285185EB783C

[VEDA2 KX64-SRC] slot=1 source=original-ms-burst before_payload_xor=1

[VEDA NEW] CPS-key16 set: AAAAAAAAAAAAAAAAAAAAAAAAAAAAAAAA
[VEDA2 MS VOICE] slot=0 hyp=0 try=10 cps=1 kx64=1 cand=1 vlc=1 emb=1

[4] [MS VOIC_288] db=0xEB 00240047063B40C56A8312C55AC14631F170A361E82740E4EC29D2FD41E1EEF8ADB7F3E0

[VEDA2 KX64-SRC] slot=1 source=original-ms-burst before_payload_xor=1

[VEDA NEW] CPS-key16 set: AAAAAAAAAAAAAAAAAAAAAAAAAAAAAAAA
[VEDA2 MS VOICE] slot=0 hyp=0 try=11 cps=1 kx64=1 cand=1 vlc=1 emb=1

[5] [MS VOIC_288] db=0xEB 0080003952AB5D1C474158D6399577DD615A9AC0AA0071E0387EEC1790D57AD757168720

[VEDA2 KX64-SRC] slot=1 source=original-ms-burst before_payload_xor=1

[VEDA NEW] CPS-key16 set: AAAAAAAAAAAAAAAAAAAAAAAAAAAAAAAA
[VEDA2 MS VOICE] slot=0 hyp=0 try=12 cps=1 kx64=1 cand=1 vlc=1 emb=1

[6] [MS VOIC_288] db=0xEB 00240034ED1B1802E1FFFC155845185D411389185A5E2F9790FD2F334837BD4F228261D2

[VEDA2 KX64-SRC] slot=1 source=original-ms-burst before_payload_xor=1

[VEDA RAW BURST] db=0xEB info=140F14091712909C0A361E82A9AC0AA0000000000000000000

[VEDA DB] slot=1 databurst=0xEB ms=1 stereo=1 payload_algid=0x00
[VEDA HARDCORE] db=0xEB len=9 crc=1 fec_err=0 raw=03000001AF546E9533

[VEDA EMB8] slot=1 b0=03 b1=00 w2=0100 w4=54AF w6=956E

[VEDA RAW] slot=1 sess=1 seq=5 kind=EMB sf=2 len=9 crc=1 irr=0 db=EB aux=03 00 00 00 raw=03000001AF546E9533

[VEDA MS EMB] slot=1 sf=1 len=9 crc=1 fec_err=0 changed=0 uniq=1 raw=03000001AF546E9533

[VEDA2 CAND] src=3 sf=2 len=9 count=3 raw=03000001AF546E9533
[32m SLOT 1 TGT=110420 SRC=7247155 Private Call [0m 
[31m SLOT 1 SB/RC (FEC ERR) E:8; I:389185A5 D:000; [0m FEC ERR 8. Power 0

[VEDA RAW] slot=1 sess=1 seq=6 kind=MI sf=2 len=4 crc=0 irr=0 db=00 aux=00 00 00 00 raw=389185A5

[VEDA MS VOICE-DYN32] slot=1 sf=1 source=VOICE-SBRC32 dyn32=389185A5

[VEDA] SBRC-MI slot=1 I=389185A5
 irr_err 8;
KV|IV set from MI: 00000000 ... 00000000

[VEDA] WAIT_SESSION slot=1 payload_mi=0000000000000000 eff_mi=00000000389185A5

[VEDA BASE] tag=PREVOICE slot=1 sf=2/1 tg=110420 src=7247155 sess_valid=0 stream_valid=0 kx_pos=64 vendor_mi_valid=1 vendor_mi32=389185A5 eff_mi=00000000389185A5 last_hdr_valid=1 last_hdr_src=2 b0=03 b1=00 w2=0100 w4=54AF w6=956E sm=0 len_lo=0 len_hi=0 f9_count=0

[1] [MS VOIC_288] db=0xEB 8804003277E46156CD11D621D10ED19827F7D5DD57DFDE275CDD72153DCED1C619D3C547

[VEDA2 KX64-SRC] slot=1 source=original-ms-burst before_payload_xor=1
85888    1.789 |  Sync: +DMR MS/DM MODE/MONO | Color Code=01 | VC* 

[VEDA NEW] CPS-key16 set: AAAAAAAAAAAAAAAAAAAAAAAAAAAAAAAA
[VEDA2 MS VOICE] slot=0 hyp=0 try=13 cps=1 kx64=1 cand=1 vlc=1 emb=1

[VEDA NEW] CPS-key16 set: AAAAAAAAAAAAAAAAAAAAAAAAAAAAAAAA
[VEDA2 MS VOICE] slot=0 hyp=0 try=14 cps=1 kx64=1 cand=1 vlc=1 emb=1

[2] [MS VOIC_288] db=0xEB 000000A1414984774CFAFE8C5BE64757013140F149D91B6AE1BB233EEAB12B28DB0F3C25

[VEDA2 KX64-SRC] slot=1 source=original-ms-burst before_payload_xor=1

[VEDA NEW] CPS-key16 set: AAAAAAAAAAAAAAAAAAAAAAAAAAAAAAAA
[VEDA2 MS VOICE] slot=0 hyp=0 try=15 cps=1 kx64=1 cand=1 vlc=1 emb=1

[3] [MS VOIC_288] db=0xEB 008C00B0E56589C3D604F45C46D6E8351171712919C745CB6744FE465A79326D665650B6

[VEDA2 KX64-SRC] slot=1 source=original-ms-burst before_payload_xor=1

[VEDA NEW] CPS-key16 set: AAAAAAAAAAAAAAAAAAAAAAAAAAAAAAAA
[VEDA2 MS VOICE] slot=0 hyp=0 try=16 cps=1 kx64=1 cand=1 vlc=1 emb=1

[4] [MS VOIC_288] db=0xEB 002000023B8F2BAF22EE3ECC9FA921573170A361E8274BBDF019F820DE0550CB16FF8EE0

[VEDA2 KX64-SRC] slot=1 source=original-ms-burst before_payload_xor=1

[VEDA NEW] CPS-key16 set: AAAAAAAAAAAAAAAAAAAAAAAAAAAAAAAA
[VEDA2 MS VOICE] slot=0 hyp=0 try=17 cps=1 kx64=1 cand=1 vlc=1 emb=1

[5] [MS VOIC_288] db=0xEB 002000D4F5C8C5A57F99D5D2717E48AC515ADAC0AA247EE79B33740EEBD584252A43EA12

[VEDA2 KX64-SRC] slot=1 source=original-ms-burst before_payload_xor=1

[VEDA NEW] CPS-key16 set: AAAAAAAAAAAAAAAAAAAAAAAAAAAAAAAA
[VEDA2 MS VOICE] slot=0 hyp=0 try=18 cps=1 kx64=1 cand=1 vlc=1 emb=1

[6] [MS VOIC_288] db=0xEB 0024001E46A0990B14F096CF5D6CB7AF3113D9185A5E0ACD8A3292E28FA59A4E2B7063B7

[VEDA2 KX64-SRC] slot=1 source=original-ms-burst before_payload_xor=1

[VEDA RAW BURST] db=0xEB info=140F149D1712919C0A361E82ADAC0AA2000000000000000000

[VEDA DB] slot=1 databurst=0xEB ms=1 stereo=1 payload_algid=0x00
[VEDA HARDCORE] db=0xEB len=9 crc=0 fec_err=10 raw=03000001AF54651933

[VEDA LCDROP] slot=1 type=3 crc=0 irr=10 b0=03 b1=00 w2=0100 w4=54AF w6=1965 raw=03000001AF54651933
[31m SLOT 1 FLCO FEC ERR[0m[31m (FEC ERR) 10. 
[0m
[31m SLOT 1 SB/RC (FEC ERR) E:10; I:3D9185A5 D:000; [0m FEC ERR 10. Power 0

[VEDA RAW] slot=1 sess=1 seq=7 kind=MI sf=3 len=4 crc=0 irr=0 db=00 aux=00 00 00 00 raw=3D9185A5

[VEDA MS VOICE-DYN32] slot=1 sf=2 source=VOICE-SBRC32 dyn32=3D9185A5

[VEDA] SBRC-MI slot=1 I=3D9185A5
 irr_err 10;
KV|IV set from MI: 00000000 ... 00000000

[VEDA] WAIT_SESSION slot=1 payload_mi=0000000000000000 eff_mi=000000003D9185A5

[VEDA BASE] tag=PREVOICE slot=1 sf=3/2 tg=110420 src=7247155 sess_valid=0 stream_valid=0 kx_pos=64 vendor_mi_valid=1 vendor_mi32=3D9185A5 eff_mi=000000003D9185A5 last_hdr_valid=1 last_hdr_src=2 b0=03 b1=00 w2=0100 w4=54AF w6=956E sm=0 len_lo=0 len_hi=0 f9_count=0

[1] [MS VOIC_288] db=0xEB 808800AC1F32BEAFFF8BA0DC3551DFB457F7D5DD53DFD0DDE45A6CD1C5B93A54FEFAEDF8

[VEDA2 KX64-SRC] slot=1 source=original-ms-burst before_payload_xor=1
103169    2.149 |  Sync: +DMR MS/DM MODE/MONO | Color Code=01 | VC* 

[VEDA NEW] CPS-key16 set: AAAAAAAAAAAAAAAAAAAAAAAAAAAAAAAA
[VEDA2 MS VOICE] slot=0 hyp=0 try=19 cps=1 kx64=1 cand=1 vlc=1 emb=1

[VEDA NEW] CPS-key16 set: AAAAAAAAAAAAAAAAAAAAAAAAAAAAAAAA
[VEDA2 MS VOICE] slot=0 hyp=0 try=20 cps=1 kx64=1 cand=1 vlc=1 emb=1

[2] [MS VOIC_288] db=0xEB 022000E7CC1F09546A3184F62D4A9D27713140F14099169BFBF77645822B4FE456CF7069

[VEDA2 KX64-SRC] slot=1 source=original-ms-burst before_payload_xor=1

[VEDA NEW] CPS-key16 set: AAAAAAAAAAAAAAAAAAAAAAAAAAAAAAAA
[VEDA2 MS VOICE] slot=0 hyp=0 try=21 cps=1 kx64=1 cand=1 vlc=1 emb=1

[3] [MS VOIC_288] db=0xEB 00880008C2BD7833B7E8185B615B23A0F171712909C74E4678A5750BF4F2DAC02AD3D747

[VEDA2 KX64-SRC] slot=1 source=original-ms-burst before_payload_xor=1

[VEDA NEW] CPS-key16 set: AAAAAAAAAAAAAAAAAAAAAAAAAAAAAAAA
[VEDA2 MS VOICE] slot=0 hyp=0 try=22 cps=1 kx64=1 cand=1 vlc=1 emb=1

[4] [MS VOIC_288] db=0xEB 002000D0F5F7F908EE8ED7344BAE538F2170A361E827437D31DBE4667DCCD6C8FBE23AE5

[VEDA2 KX64-SRC] slot=1 source=original-ms-burst before_payload_xor=1

[VEDA NEW] CPS-key16 set: AAAAAAAAAAAAAAAAAAAAAAAAAAAAAAAA
[VEDA2 MS VOICE] slot=0 hyp=0 try=23 cps=1 kx64=1 cand=1 vlc=1 emb=1

[5] [MS VOIC_288] db=0xEB 028800BAF38811A65B8CD06D12753833715A9EC0AA0074F8C9256FA31ACE9C737FF761FE

[VEDA2 KX64-SRC] slot=1 source=original-ms-burst before_payload_xor=1

[VEDA NEW] CPS-key16 set: AAAAAAAAAAAAAAAAAAAAAAAAAAAAAAAA
[VEDA2 MS VOICE] slot=0 hyp=0 try=24 cps=1 kx64=1 cand=1 vlc=1 emb=1

[6] [MS VOIC_288] db=0xEB 002400F70D555DFE03B9ACDE6297021C911389185A5E234A4E36D943499267A523E20E90

[VEDA2 KX64-SRC] slot=1 source=original-ms-burst before_payload_xor=1

[VEDA RAW BURST] db=0xEB info=140F14091712909C0A361E82A9EC0AA0000000000000000000

[VEDA DB] slot=1 databurst=0xEB ms=1 stereo=1 payload_algid=0x00
[VEDA HARDCORE] db=0xEB len=9 crc=1 fec_err=1 raw=03000001AF546E9533

[VEDA LCDROP] slot=1 type=3 crc=1 irr=1 b0=03 b1=00 w2=0100 w4=54AF w6=956E raw=03000001AF546E9533
[31m SLOT 1 FLCO FEC ERR[0m[31m (FEC ERR) 1. 
[0m
[31m SLOT 1 SB/RC (FEC ERR) E:8; I:389185A5 D:000; [0m FEC ERR 8. Power 0

[VEDA MS VOICE-DYN32] slot=1 sf=3 source=VOICE-SBRC32 dyn32=389185A5

[VEDA] SBRC-MI slot=1 I=389185A5
 irr_err 8;
KV|IV set from MI: 00000000 ... 00000000

[VEDA] WAIT_SESSION slot=1 payload_mi=0000000000000000 eff_mi=00000000389185A5

[VEDA BASE] tag=PREVOICE slot=1 sf=4/3 tg=110420 src=7247155 sess_valid=0 stream_valid=0 kx_pos=64 vendor_mi_valid=1 vendor_mi32=389185A5 eff_mi=00000000389185A5 last_hdr_valid=1 last_hdr_src=2 b0=03 b1=00 w2=0100 w4=54AF w6=956E sm=0 len_lo=0 len_hi=0 f9_count=0

[1] [MS VOIC_288] db=0xEB 0024006F3A3A83737D57A723BB03ABD357F7D5DD53DFD27061A08956DDDCA0B3093B1E59

[VEDA2 KX64-SRC] slot=1 source=original-ms-burst before_payload_xor=1
120449    2.509 |  Sync: +DMR MS/DM MODE/MONO | Color Code=01 | VC* 

[VEDA NEW] CPS-key16 set: AAAAAAAAAAAAAAAAAAAAAAAAAAAAAAAA
[VEDA2 MS VOICE] slot=0 hyp=0 try=25 cps=1 kx64=1 cand=1 vlc=1 emb=1

[VEDA NEW] CPS-key16 set: AAAAAAAAAAAAAAAAAAAAAAAAAAAAAAAA
[VEDA2 MS VOICE] slot=0 hyp=0 try=26 cps=1 kx64=1 cand=1 vlc=1 emb=1

[2] [MS VOIC_288] db=0xEB 020C0287D25D3CD296E14C4388EDBA36513140F1489917BFAF1E132AAA5EEE0B04D90548

[VEDA2 KX64-SRC] slot=1 source=original-ms-burst before_payload_xor=1

[VEDA NEW] CPS-key16 set: AAAAAAAAAAAAAAAAAAAAAAAAAAAAAAAA
[VEDA2 MS VOICE] slot=0 hyp=0 try=27 cps=1 kx64=1 cand=1 vlc=1 emb=1

[3] [MS VOIC_288] db=0xEB 002400DA317F2BF28E9562E451A41A756171712909C741BD02C9233B71B69F79DD80AF07

[VEDA2 KX64-SRC] slot=1 source=original-ms-burst before_payload_xor=1

[VEDA NEW] CPS-key16 set: AAAAAAAAAAAAAAAAAAAAAAAAAAAAAAAA
[VEDA2 MS VOICE] slot=0 hyp=0 try=28 cps=1 kx64=1 cand=1 vlc=1 emb=1

[4] [MS VOIC_288] db=0xEB 000000FC3B68539E611F8B05930FCB448170A361E8274ECD12BC66DE64405F5A07439FE4

[VEDA2 KX64-SRC] slot=1 source=original-ms-burst before_payload_xor=1

[VEDA NEW] CPS-key16 set: AAAAAAAAAAAAAAAAAAAAAAAAAAAAAAAA
[VEDA2 MS VOICE] slot=0 hyp=0 try=29 cps=1 kx64=1 cand=1 vlc=1 emb=1

[5] [MS VOIC_288] db=0xEB 008C006873595BA9A57BB0A44A25EAD4B15E9AC0EA24728D53B3A4FD9B02A09F81B6D712

[VEDA2 KX64-SRC] slot=1 source=original-ms-burst before_payload_xor=1

[VEDA NEW] CPS-key16 set: AAAAAAAAAAAAAAAAAAAAAAAAAAAAAAAA
[VEDA2 MS VOICE] slot=0 hyp=0 try=30 cps=1 kx64=1 cand=1 vlc=1 emb=1

[6] [MS VOIC_288] db=0xEB 80A000A0B266F1D5FBC43FC814A7D66A211389185A5E2AFE1F25E69CE1E74844562C3DB7

[VEDA2 KX64-SRC] slot=1 source=original-ms-burst before_payload_xor=1

[VEDA RAW BURST] db=0xEB info=140F14891712909C0A361E82E9AC0EA2000000000000000000

[VEDA DB] slot=1 databurst=0xEB ms=1 stereo=1 payload_algid=0x00
[VEDA HARDCORE] db=0xEB len=9 crc=1 fec_err=3 raw=03000001AF546E9533

[VEDA LCDROP] slot=1 type=3 crc=1 irr=3 b0=03 b1=00 w2=0100 w4=54AF w6=956E raw=03000001AF546E9533
[31m SLOT 1 FLCO FEC ERR[0m[31m (FEC ERR) 3. 
[0m
[31m SLOT 1 SB/RC (FEC ERR) E:8; I:389185A5 D:000; [0m FEC ERR 8. Power 0

[VEDA MS VOICE-DYN32] slot=1 sf=4 source=VOICE-SBRC32 dyn32=389185A5

[VEDA] SBRC-MI slot=1 I=389185A5
 irr_err 8;
KV|IV set from MI: 00000000 ... 00000000

[VEDA] WAIT_SESSION slot=1 payload_mi=0000000000000000 eff_mi=00000000389185A5

[VEDA BASE] tag=PREVOICE slot=1 sf=5/4 tg=110420 src=7247155 sess_valid=0 stream_valid=0 kx_pos=64 vendor_mi_valid=1 vendor_mi32=389185A5 eff_mi=00000000389185A5 last_hdr_valid=1 last_hdr_src=2 b0=03 b1=00 w2=0100 w4=54AF w6=956E sm=0 len_lo=0 len_hi=0 f9_count=0

[1] [MS VOIC_288] db=0xEB 828000ED635249A3B90F2E51E97C118977F7D5DD53DFDB3E94D21505B66DE4763B9A43BF

[VEDA2 KX64-SRC] slot=1 source=original-ms-burst before_payload_xor=1
137729    2.869 |  Sync: +DMR MS/DM MODE/MONO | Color Code=01 | VC* 

[VEDA NEW] CPS-key16 set: AAAAAAAAAAAAAAAAAAAAAAAAAAAAAAAA
[VEDA2 MS VOICE] slot=0 hyp=0 try=31 cps=1 kx64=1 cand=1 vlc=1 emb=1

[VEDA NEW] CPS-key16 set: AAAAAAAAAAAAAAAAAAAAAAAAAAAAAAAA
[VEDA2 MS VOICE] slot=0 hyp=0 try=32 cps=1 kx64=1 cand=1 vlc=1 emb=1

[2] [MS VOIC_288] db=0xEB 000400162B15782EAA9FBAB16AD41614613140F1409912E442607DDEB9267DFD8A5ADA48

[VEDA2 KX64-SRC] slot=1 source=original-ms-burst before_payload_xor=1

[VEDA NEW] CPS-key16 set: AAAAAAAAAAAAAAAAAAAAAAAAAAAAAAAA
[VEDA2 MS VOICE] slot=0 hyp=0 try=33 cps=1 kx64=1 cand=1 vlc=1 emb=1

[3] [MS VOIC_288] db=0xEB 008C006179C7BCDA97FFFFE04746011B8171712909C7448DDA9C1A00344FF3C6CF1BAC5D

[VEDA2 KX64-SRC] slot=1 source=original-ms-burst before_payload_xor=1

[VEDA NEW] CPS-key16 set: AAAAAAAAAAAAAAAAAAAAAAAAAAAAAAAA
[VEDA2 MS VOICE] slot=0 hyp=0 try=34 cps=1 kx64=1 cand=1 vlc=1 emb=1

[4] [MS VOIC_288] db=0xEB 02000032F430A04CE381E604E96E8D8F7170A361E8274387B8AD13A7FB8326323CDD9EF0

[VEDA2 KX64-SRC] slot=1 source=original-ms-burst before_payload_xor=1

[VEDA NEW] CPS-key16 set: AAAAAAAAAAAAAAAAAAAAAAAAAAAAAAAA
[VEDA2 MS VOICE] slot=0 hyp=0 try=35 cps=1 kx64=1 cand=1 vlc=1 emb=1

[5] [MS VOIC_288] db=0xEB 000C00F6732D37019B677264F1509423815A9AC0AA00771575E33F300513279BBB4D91D1

[VEDA2 KX64-SRC] slot=1 source=original-ms-burst before_payload_xor=1

[VEDA NEW] CPS-key16 set: AAAAAAAAAAAAAAAAAAAAAAAAAAAAAAAA
[VEDA2 MS VOICE] slot=0 hyp=0 try=36 cps=1 kx64=1 cand=1 vlc=1 emb=1

[6] [MS VOIC_288] db=0xEB 002400A32F831CC5C49DFA8279828303411389185A5E2EC3E55F74D02CE8B45DC234659F

[VEDA2 KX64-SRC] slot=1 source=original-ms-burst before_payload_xor=1

[VEDA RAW BURST] db=0xEB info=140F14091712909C0A361E82A9AC0AA0000000000000000000

[VEDA DB] slot=1 databurst=0xEB ms=1 stereo=1 payload_algid=0x00
[VEDA HARDCORE] db=0xEB len=9 crc=1 fec_err=0 raw=03000001AF546E9533

[VEDA EMB8] slot=1 b0=03 b1=00 w2=0100 w4=54AF w6=956E

[VEDA RAW] slot=1 sess=2 seq=1 kind=EMB sf=6 len=9 crc=1 irr=0 db=EB aux=03 00 00 00 raw=03000001AF546E9533

[VEDA MS EMB] slot=1 sf=5 len=9 crc=1 fec_err=0 changed=0 uniq=1 raw=03000001AF546E9533

[VEDA2 CAND] src=3 sf=6 len=9 count=4 raw=03000001AF546E9533
[32m SLOT 1 TGT=110420 SRC=7247155 Private Call [0m 
[31m SLOT 1 SB/RC (FEC ERR) E:8; I:389185A5 D:000; [0m FEC ERR 8. Power 0

[VEDA RAW] slot=1 sess=2 seq=2 kind=MI sf=6 len=4 crc=0 irr=0 db=00 aux=00 00 00 00 raw=389185A5

[VEDA MS VOICE-DYN32] slot=1 sf=5 source=VOICE-SBRC32 dyn32=389185A5

[VEDA] SBRC-MI slot=1 I=389185A5
 irr_err 8;
KV|IV set from MI: 00000000 ... 00000000

[VEDA] WAIT_SESSION slot=1 payload_mi=0000000000000000 eff_mi=00000000389185A5

[VEDA BASE] tag=PREVOICE slot=1 sf=6/5 tg=110420 src=7247155 sess_valid=0 stream_valid=0 kx_pos=64 vendor_mi_valid=1 vendor_mi32=389185A5 eff_mi=00000000389185A5 last_hdr_valid=1 last_hdr_src=2 b0=03 b1=00 w2=0100 w4=54AF w6=956E sm=0 len_lo=0 len_hi=0 f9_count=0

[1] [MS VOIC_288] db=0xEB 008C007CF90EAEE37D65AEBAEC32412217F7D5DD57DFDC2A832574E4DE115504AF287909

[VEDA2 KX64-SRC] slot=1 source=original-ms-burst before_payload_xor=1
155008    3.229 |  Sync: +DMR MS/DM MODE/MONO | Color Code=01 | VC* 

[VEDA NEW] CPS-key16 set: AAAAAAAAAAAAAAAAAAAAAAAAAAAAAAAA
[VEDA2 MS VOICE] slot=0 hyp=0 try=37 cps=1 kx64=1 cand=1 vlc=1 emb=1

[VEDA NEW] CPS-key16 set: AAAAAAAAAAAAAAAAAAAAAAAAAAAAAAAA
[VEDA2 MS VOICE] slot=0 hyp=0 try=38 cps=1 kx64=1 cand=1 vlc=1 emb=1

[2] [MS VOIC_288] db=0xEB 3AC4E864390924A88D6D50B9508245321EC6E0E88F932AAAC49442E04000000000000000

[VEDA2 KX64-SRC] slot=1 source=original-ms-burst before_payload_xor=1

[VEDA NEW] CPS-key16 set: AAAAAAAAAAAAAAAAAAAAAAAAAAAAAAAA
[VEDA2 MS VOICE] slot=0 hyp=0 try=39 cps=1 kx64=1 cand=1 vlc=1 emb=1

[3] [MS VOIC_288] db=0xEB 0A8A302C71516AE0344D4D4848369E07882F816EC12FBA4F64DABE524002000000000000

[VEDA2 KX64-SRC] slot=1 source=original-ms-burst before_payload_xor=1

[VEDA NEW] CPS-key16 set: AAAAAAAAAAAAAAAAAAAAAAAAAAAAAAAA
[VEDA2 MS VOICE] slot=0 hyp=0 try=40 cps=1 kx64=1 cand=1 vlc=1 emb=1

[4] [MS VOIC_288] db=0xEB 2269A36918B5B1F4804D22993A20909A539925684BFE30240C8840BA0003000000000000

[VEDA2 KX64-SRC] slot=1 source=original-ms-burst before_payload_xor=1

[VEDA NEW] CPS-key16 set: AAAAAAAAAAAAAAAAAAAAAAAAAAAAAAAA
[VEDA2 MS VOICE] slot=0 hyp=0 try=41 cps=1 kx64=1 cand=1 vlc=1 emb=1

[5] [MS VOIC_288] db=0xEB E20C33E34E60AEEA905286B42A004C07922030201A8A764ACB300C980001002008222200

[VEDA2 KX64-SRC] slot=1 source=original-ms-burst before_payload_xor=1

[VEDA NEW] CPS-key16 set: AAAAAAAAAAAAAAAAAAAAAAAAAAAAAAAA
[VEDA2 MS VOICE] slot=0 hyp=0 try=42 cps=1 kx64=1 cand=1 vlc=1 emb=1

[6] [MS VOIC_288] db=0xEB 4E4B3AEE902BC32E4846C04213130C2A86C1852B8449AC8E4F955B314002000000000000

[VEDA2 KX64-SRC] slot=1 source=original-ms-burst before_payload_xor=1

[VEDA RAW BURST] db=0xEB info=6E0E88F9F816EC12925684BF030201A8000000000000000000

[VEDA DB] slot=1 databurst=0xEB ms=1 stereo=1 payload_algid=0x00
[VEDA HARDCORE] db=0xEB len=9 crc=0 fec_err=14 raw=54134E6919C67C6317

[VEDA LCDROP] slot=1 type=3 crc=0 irr=14 b0=54 b1=13 w2=694E w4=C619 w6=637C raw=54134E6919C67C6317
[31m SLOT 1 FLCO FEC ERR[0m[31m (FEC ERR) 14. 
[0m
[31m SLOT 1 SB/RC (FEC ERR) E:8; I:1852B844 D:30F; [0m FEC ERR 8. Power 1

[VEDA RAW] slot=1 sess=2 seq=3 kind=MI sf=7 len=4 crc=0 irr=0 db=00 aux=00 00 00 00 raw=1852B844

[VEDA MS VOICE-DYN32] slot=1 sf=6 source=VOICE-SBRC32 dyn32=1852B844

[VEDA] SBRC-MI slot=1 I=1852B844
 irr_err 8;
KV|IV set from MI: 00000000 ... 00000000

[VEDA] WAIT_SESSION slot=1 payload_mi=0000000000000000 eff_mi=000000001852B844

[VEDA BASE] tag=PREVOICE slot=1 sf=7/6 tg=110420 src=7247155 sess_valid=0 stream_valid=0 kx_pos=64 vendor_mi_valid=1 vendor_mi32=1852B844 eff_mi=000000001852B844 last_hdr_valid=1 last_hdr_src=2 b0=03 b1=00 w2=0100 w4=54AF w6=956E sm=0 len_lo=0 len_hi=0 f9_count=0

[1] [MS VOIC_288] db=0xEB 002400086ABC98BDB1B96531BF0ACA0977F7D5DD57DFD7DABA02B41C0206AF320717EBF1

[VEDA2 KX64-SRC] slot=1 source=original-ms-burst before_payload_xor=1
188940    3.936 |  Sync: +DMR MS/DM MODE/MONO | Color Code=02 | VC* 

[VEDA NEW] CPS-key16 set: AAAAAAAAAAAAAAAAAAAAAAAAAAAAAAAA
[VEDA2 MS VOICE] slot=0 hyp=0 try=43 cps=1 kx64=1 cand=1 vlc=1 emb=1

[VEDA NEW] CPS-key16 set: AAAAAAAAAAAAAAAAAAAAAAAAAAAAAAAA
[VEDA2 MS VOICE] slot=0 hyp=0 try=44 cps=1 kx64=1 cand=1 vlc=1 emb=1

[2] [MS VOIC_288] db=0xEB 002400D2BF7BCA4A4DECB5CDDE4689F5413140F1409919791415E5AD6CD91E55436112DD

[VEDA2 KX64-SRC] slot=1 source=original-ms-burst before_payload_xor=1

[VEDA NEW] CPS-key16 set: AAAAAAAAAAAAAAAAAAAAAAAAAAAAAAAA
[VEDA2 MS VOICE] slot=0 hyp=0 try=45 cps=1 kx64=1 cand=1 vlc=1 emb=1

[3] [MS VOIC_288] db=0xEB 00240024B58AD827CA6D2F4B94AC4F4C2171712909C74761B0E31936E53856A11E3CD89B

[VEDA2 KX64-SRC] slot=1 source=original-ms-burst before_payload_xor=1

[VEDA NEW] CPS-key16 set: AAAAAAAAAAAAAAAAAAAAAAAAAAAAAAAA
[VEDA2 MS VOICE] slot=0 hyp=0 try=46 cps=1 kx64=1 cand=1 vlc=1 emb=1

[4] [MS VOIC_288] db=0xEB 0000009BA98B20CD47A3ABF3CAFEBAA83170A361E8274C3212AEFDAF21DCA3F7DC9FD0C9

[VEDA2 KX64-SRC] slot=1 source=original-ms-burst before_payload_xor=1

[VEDA NEW] CPS-key16 set: AAAAAAAAAAAAAAAAAAAAAAAAAAAAAAAA
[VEDA2 MS VOICE] slot=0 hyp=0 try=47 cps=1 kx64=1 cand=1 vlc=1 emb=1

[5] [MS VOIC_288] db=0xEB 0000003385552299C04038174D4EDA1B915A9AC0AA007800D3A9FF706F642A597B39B2D0

[VEDA2 KX64-SRC] slot=1 source=original-ms-burst before_payload_xor=1

[VEDA NEW] CPS-key16 set: AAAAAAAAAAAAAAAAAAAAAAAAAAAAAAAA
[VEDA2 MS VOICE] slot=0 hyp=0 try=48 cps=1 kx64=1 cand=1 vlc=1 emb=1

[6] [MS VOIC_288] db=0xEB 008000625120B82BAA8FE6A9E11B8D28A113891C5A5E28DC75340B1536C5B763156D0945

[VEDA2 KX64-SRC] slot=1 source=original-ms-burst before_payload_xor=1

[VEDA RAW BURST] db=0xEB info=140F14091712909C0A361E82A9AC0AA0000000000000000000

[VEDA DB] slot=1 databurst=0xEB ms=1 stereo=1 payload_algid=0x00
[VEDA HARDCORE] db=0xEB len=9 crc=1 fec_err=0 raw=03000001AF546E9533

[VEDA EMB8] slot=1 b0=03 b1=00 w2=0100 w4=54AF w6=956E

[VEDA RAW] slot=1 sess=2 seq=4 kind=EMB sf=8 len=9 crc=1 irr=0 db=EB aux=03 00 00 00 raw=03000001AF546E9533

[VEDA MS EMB] slot=1 sf=7 len=9 crc=1 fec_err=0 changed=0 uniq=1 raw=03000001AF546E9533

[VEDA2 CAND] src=3 sf=8 len=9 count=5 raw=03000001AF546E9533
[32m SLOT 1 TGT=110420 SRC=7247155 Private Call [0m 
[31m SLOT 1 SB/RC (FEC ERR) E:9; I:3891C5A5 D:000; [0m FEC ERR 9. Power 0

[VEDA RAW] slot=1 sess=2 seq=5 kind=MI sf=8 len=4 crc=0 irr=0 db=00 aux=00 00 00 00 raw=3891C5A5

[VEDA MS VOICE-DYN32] slot=1 sf=7 source=VOICE-SBRC32 dyn32=3891C5A5

[VEDA] SBRC-MI slot=1 I=3891C5A5
 irr_err 9;
KV|IV set from MI: 00000000 ... 00000000

[VEDA] WAIT_SESSION slot=1 payload_mi=0000000000000000 eff_mi=000000003891C5A5

[VEDA BASE] tag=PREVOICE slot=1 sf=8/7 tg=110420 src=7247155 sess_valid=0 stream_valid=0 kx_pos=64 vendor_mi_valid=1 vendor_mi32=3891C5A5 eff_mi=000000003891C5A5 last_hdr_valid=1 last_hdr_src=2 b0=03 b1=00 w2=0100 w4=54AF w6=956E sm=0 len_lo=0 len_hi=0 f9_count=0

[1] [MS VOIC_288] db=0xEB 002000883D54CE7D4125C3FAACD4DC45D7F7D5DD53DFDB7B0C45C827DA5167B4664D6F31

[VEDA2 KX64-SRC] slot=1 source=original-ms-burst before_payload_xor=1
206220    4.296 |  Sync: +DMR MS/DM MODE/MONO | Color Code=01 | VC* 

[VEDA NEW] CPS-key16 set: AAAAAAAAAAAAAAAAAAAAAAAAAAAAAAAA
[VEDA2 MS VOICE] slot=0 hyp=0 try=49 cps=1 kx64=1 cand=1 vlc=1 emb=1

[VEDA NEW] CPS-key16 set: AAAAAAAAAAAAAAAAAAAAAAAAAAAAAAAA
[VEDA2 MS VOICE] slot=0 hyp=0 try=50 cps=1 kx64=1 cand=1 vlc=1 emb=1

[2] [MS VOIC_288] db=0xEB 008C00F5AFCD6ECF5C6DF003F47E09C1013140F140991DE073AD55470ADBAD8AB737B264

[VEDA2 KX64-SRC] slot=1 source=original-ms-burst before_payload_xor=1

[VEDA NEW] CPS-key16 set: AAAAAAAAAAAAAAAAAAAAAAAAAAAAAAAA
[VEDA2 MS VOICE] slot=0 hyp=0 try=51 cps=1 kx64=1 cand=1 vlc=1 emb=1

[3] [MS VOIC_288] db=0xEB 0026006427C2EBF213F3D9E15ED2CE331171712909C74179FFEAAC6E567F088A394CC86D

[VEDA2 KX64-SRC] slot=1 source=original-ms-burst before_payload_xor=1

[VEDA NEW] CPS-key16 set: AAAAAAAAAAAAAAAAAAAAAAAAAAAAAAAA
[VEDA2 MS VOICE] slot=0 hyp=0 try=52 cps=1 kx64=1 cand=1 vlc=1 emb=1

[4] [MS VOIC_288] db=0xEB BE10B40C04B9300C2068A299BA629A583A1469B04DB8486AD8260C228000000000000000

[VEDA2 KX64-SRC] slot=1 source=original-ms-burst before_payload_xor=1

[VEDA NEW] CPS-key16 set: AAAAAAAAAAAAAAAAAAAAAAAAAAAAAAAA
[VEDA2 MS VOICE] slot=0 hyp=0 try=53 cps=1 kx64=1 cand=1 vlc=1 emb=1

[5] [MS VOIC_288] db=0xEB A6830D3A13EE12E41452C2E0AA8069BF1A001C2B520D066D592000000000000000000000

[VEDA2 KX64-SRC] slot=1 source=original-ms-burst before_payload_xor=1

[VEDA NEW] CPS-key16 set: AAAAAAAAAAAAAAAAAAAAAAAAAAAAAAAA
[VEDA2 MS VOICE] slot=0 hyp=0 try=54 cps=1 kx64=1 cand=1 vlc=1 emb=1

[6] [MS VOIC_288] db=0xEB 4844E2461697889E2FF7893A77B10B94DCD4F49D40002000202000020000000000008220

[VEDA2 KX64-SRC] slot=1 source=original-ms-burst before_payload_xor=1

[VEDA RAW BURST] db=0xEB info=140F14091712909C469B04DB01C2B520000000000000000000

[VEDA DB] slot=1 databurst=0xEB ms=1 stereo=1 payload_algid=0x00
[VEDA HARDCORE] db=0xEB len=9 crc=0 fec_err=9 raw=FFE01803AB54451133

[VEDA LCDROP] slot=1 type=3 crc=0 irr=9 b0=FF b1=E0 w2=0318 w4=54AB w6=1145 raw=FFE01803AB54451133
[31m SLOT 1 FLCO FEC ERR[0m[31m (FEC ERR) 9. 
[0m
KV|IV set from MI: 00000000 ... 00000000

[VEDA] WAIT_SESSION slot=1 payload_mi=0000000000000000 eff_mi=000000003891C5A5

[VEDA BASE] tag=PREVOICE slot=1 sf=9/8 tg=110420 src=7247155 sess_valid=0 stream_valid=0 kx_pos=64 vendor_mi_valid=1 vendor_mi32=3891C5A5 eff_mi=000000003891C5A5 last_hdr_valid=1 last_hdr_src=2 b0=03 b1=00 w2=0100 w4=54AF w6=956E sm=0 len_lo=0 len_hi=0 f9_count=0

[1] [MS VOIC_288] db=0xEB 22000004EA3A7EBD68A609C0BE89185F77F7D5DD57DFDD1EFBF7271BEE46CA0FEF764501

[VEDA2 KX64-SRC] slot=1 source=original-ms-burst before_payload_xor=1
239835    4.997 |  Sync: +DMR MS/DM MODE/MONO | Color Code=01 | VC* 

[VEDA NEW] CPS-key16 set: AAAAAAAAAAAAAAAAAAAAAAAAAAAAAAAA
[VEDA2 MS VOICE] slot=0 hyp=0 try=55 cps=1 kx64=1 cand=1 vlc=1 emb=1

[VEDA NEW] CPS-key16 set: AAAAAAAAAAAAAAAAAAAAAAAAAAAAAAAA
[VEDA2 MS VOICE] slot=0 hyp=0 try=56 cps=1 kx64=1 cand=1 vlc=1 emb=1

[2] [MS VOIC_288] db=0xEB 008C00C4FCF1807731511EF06BA3FCB4713140F1409915D0A132CBBB46BDEF514EF5296C

[VEDA2 KX64-SRC] slot=1 source=original-ms-burst before_payload_xor=1

[VEDA NEW] CPS-key16 set: AAAAAAAAAAAAAAAAAAAAAAAAAAAAAAAA
[VEDA2 MS VOICE] slot=0 hyp=0 try=57 cps=1 kx64=1 cand=1 vlc=1 emb=1

[3] [MS VOIC_288] db=0xEB 0020009F4542CFAA7E27335B0DD04290817171291DE74CCBA45B57101B6FB898AC965935

[VEDA2 KX64-SRC] slot=1 source=original-ms-burst before_payload_xor=1

[VEDA NEW] CPS-key16 set: AAAAAAAAAAAAAAAAAAAAAAAAAAAAAAAA
[VEDA2 MS VOICE] slot=0 hyp=0 try=58 cps=1 kx64=1 cand=1 vlc=1 emb=1

[4] [MS VOIC_288] db=0xEB 002000E7CD8BB908798A0C46C0F1F1EDB170A36054A08B530242A74E6402000000000000

[VEDA2 KX64-SRC] slot=1 source=original-ms-burst before_payload_xor=1

[VEDA NEW] CPS-key16 set: AAAAAAAAAAAAAAAAAAAAAAAAAAAAAAAA
[VEDA2 MS VOICE] slot=0 hyp=0 try=59 cps=1 kx64=1 cand=1 vlc=1 emb=1

[5] [MS VOIC_288] db=0xEB 52AC7904C2BAFE79195287A02A024E415545E48E812A2F80D390FFE30000000000000000

[VEDA2 KX64-SRC] slot=1 source=original-ms-burst before_payload_xor=1

[VEDA NEW] CPS-key16 set: AAAAAAAAAAAAAAAAAAAAAAAAAAAAAAAA
[VEDA2 MS VOICE] slot=0 hyp=0 try=60 cps=1 kx64=1 cand=1 vlc=1 emb=1

[6] [MS VOIC_288] db=0xEB 1254E7E1568C71AA9846C04653130E22B54EBFE4101C07C5A20504E00002820000208000

[VEDA2 KX64-SRC] slot=1 source=original-ms-burst before_payload_xor=1

[VEDA RAW BURST] db=0xEB info=140F1409171291DE0A36054A5E48E812000000000000000000

[VEDA DB] slot=1 databurst=0xEB ms=1 stereo=1 payload_algid=0x00
[VEDA HARDCORE] db=0xEB len=9 crc=0 fec_err=12 raw=23002004A769DA7437

[VEDA LCDROP] slot=1 type=3 crc=0 irr=12 b0=23 b1=00 w2=0420 w4=69A7 w6=74DA raw=23002004A769DA7437
[31m SLOT 1 FLCO FEC ERR[0m[31m (FEC ERR) 12. 
[0m
KV|IV set from MI: 00000000 ... 00000000

[VEDA] WAIT_SESSION slot=1 payload_mi=0000000000000000 eff_mi=000000003891C5A5

[VEDA BASE] tag=PREVOICE slot=1 sf=10/9 tg=110420 src=7247155 sess_valid=0 stream_valid=0 kx_pos=64 vendor_mi_valid=1 vendor_mi32=3891C5A5 eff_mi=000000003891C5A5 last_hdr_valid=1 last_hdr_src=2 b0=03 b1=00 w2=0100 w4=54AF w6=956E sm=0 len_lo=0 len_hi=0 f9_count=0

[1] [MS VOIC_288] db=0xEB 220000571D66AD59C7016994F4707EEED7F7D5DD57DFD21D26192EA932964054ACB53168

[VEDA2 KX64-SRC] slot=1 source=original-ms-burst before_payload_xor=1
274082    5.710 |  Sync: +DMR MS/DM MODE/MONO | Color Code=01 | VC* 

[VEDA NEW] CPS-key16 set: AAAAAAAAAAAAAAAAAAAAAAAAAAAAAAAA
[VEDA2 MS VOICE] slot=0 hyp=0 try=61 cps=1 kx64=1 cand=1 vlc=1 emb=1

[VEDA NEW] CPS-key16 set: AAAAAAAAAAAAAAAAAAAAAAAAAAAAAAAA
[VEDA2 MS VOICE] slot=0 hyp=0 try=62 cps=1 kx64=1 cand=1 vlc=1 emb=1

[2] [MS VOIC_288] db=0xEB 082000A428FBDFAD2DDB89E3A715E1CC913140F1409917FE3AF73250C0BC3249DED5C47D

[VEDA2 KX64-SRC] slot=1 source=original-ms-burst before_payload_xor=1

[VEDA NEW] CPS-key16 set: AAAAAAAAAAAAAAAAAAAAAAAAAAAAAAAA
[VEDA2 MS VOICE] slot=0 hyp=0 try=63 cps=1 kx64=1 cand=1 vlc=1 emb=1

[3] [MS VOIC_288] db=0xEB 0228009358DED3EBBD39689ED6B60E830171712909C7485CA0F1345CD9EAB783FEF4E25F

[VEDA2 KX64-SRC] slot=1 source=original-ms-burst before_payload_xor=1

[VEDA NEW] CPS-key16 set: AAAAAAAAAAAAAAAAAAAAAAAAAAAAAAAA
[VEDA2 MS VOICE] slot=0 hyp=0 try=64 cps=1 kx64=1 cand=1 vlc=1 emb=1

[4] [MS VOIC_288] db=0xEB 0000008206EC9568487893E0F1B5F582E170A361E827433C25EC356DA0DF0CEAFE27B5BB

[VEDA2 KX64-SRC] slot=1 source=original-ms-burst before_payload_xor=1

[VEDA NEW] CPS-key16 set: AAAAAAAAAAAAAAAAAAAAAAAAAAAAAAAA
[VEDA2 MS VOICE] slot=0 hyp=0 try=65 cps=1 kx64=1 cand=1 vlc=1 emb=1

[5] [MS VOIC_288] db=0xEB 082400F6BEFF3ECD3F7A9614562FC9FA615E9AC0EA60702E3C22F283C4E5298BD5F939A8

[VEDA2 KX64-SRC] slot=1 source=original-ms-burst before_payload_xor=1

[VEDA NEW] CPS-key16 set: AAAAAAAAAAAAAAAAAAAAAAAAAAAAAAAA
[VEDA2 MS VOICE] slot=0 hyp=0 try=66 cps=1 kx64=1 cand=1 vlc=1 emb=1

[6] [MS VOIC_288] db=0xEB 0024004453C77FE531BB486EE4D2C734511389185A5E2B7A71A5D6772A31FA26D3D39E03

[VEDA2 KX64-SRC] slot=1 source=original-ms-burst before_payload_xor=1

[VEDA RAW BURST] db=0xEB info=140F14091712909C0A361E82E9AC0EA6000000000000000000

[VEDA DB] slot=1 databurst=0xEB ms=1 stereo=1 payload_algid=0x00
[VEDA HARDCORE] db=0xEB len=9 crc=0 fec_err=9 raw=03000001AF54651933

[VEDA LCDROP] slot=1 type=3 crc=0 irr=9 b0=03 b1=00 w2=0100 w4=54AF w6=1965 raw=03000001AF54651933
[31m SLOT 1 FLCO FEC ERR[0m[31m (FEC ERR) 9. 
[0m
[31m SLOT 1 SB/RC (FEC ERR) E:8; I:389185A5 D:000; [0m FEC ERR 8. Power 0

[VEDA MS VOICE-DYN32] slot=1 sf=10 source=VOICE-SBRC32 dyn32=389185A5

[VEDA] SBRC-MI slot=1 I=389185A5
 irr_err 8;
KV|IV set from MI: 00000000 ... 00000000

[VEDA] WAIT_SESSION slot=1 payload_mi=0000000000000000 eff_mi=00000000389185A5

[VEDA BASE] tag=PREVOICE slot=1 sf=11/10 tg=110420 src=7247155 sess_valid=0 stream_valid=0 kx_pos=64 vendor_mi_valid=1 vendor_mi32=389185A5 eff_mi=00000000389185A5 last_hdr_valid=1 last_hdr_src=2 b0=03 b1=00 w2=0100 w4=54AF w6=956E sm=0 len_lo=0 len_hi=0 f9_count=0

[1] [MS VOIC_288] db=0xEB 00000051B5A2AC0C3B86FC5A67B5429687F7D5DD57DFD7DF5B5BA223BEE488147B1AA26B

[VEDA2 KX64-SRC] slot=1 source=original-ms-burst before_payload_xor=1
291362    6.070 |  Sync: +DMR MS/DM MODE/MONO | Color Code=01 | VC* 

[VEDA NEW] CPS-key16 set: AAAAAAAAAAAAAAAAAAAAAAAAAAAAAAAA
[VEDA2 MS VOICE] slot=0 hyp=0 try=67 cps=1 kx64=1 cand=1 vlc=1 emb=1

[VEDA NEW] CPS-key16 set: AAAAAAAAAAAAAAAAAAAAAAAAAAAAAAAA
[VEDA2 MS VOICE] slot=0 hyp=0 try=68 cps=1 kx64=1 cand=1 vlc=1 emb=1

[2] [MS VOIC_288] db=0xEB 20200035157BA67A88656722210DCE3B113140F140991835440543B5D9266D75FF2A9264

[VEDA2 KX64-SRC] slot=1 source=original-ms-burst before_payload_xor=1

[VEDA NEW] CPS-key16 set: AAAAAAAAAAAAAAAAAAAAAAAAAAAAAAAA
[VEDA2 MS VOICE] slot=0 hyp=0 try=69 cps=1 kx64=1 cand=1 vlc=1 emb=1

[3] [MS VOIC_288] db=0xEB 0088006BF7ECCF139A43CE7CEB46B177E171712909C741D09B7D4CBA3315A2098C3BBECF

[VEDA2 KX64-SRC] slot=1 source=original-ms-burst before_payload_xor=1

[VEDA NEW] CPS-key16 set: AAAAAAAAAAAAAAAAAAAAAAAAAAAAAAAA
[VEDA2 MS VOICE] slot=0 hyp=0 try=70 cps=1 kx64=1 cand=1 vlc=1 emb=1

[4] [MS VOIC_288] db=0xEB 000000B6705021DCD760C610274AEEBDB170A361E8274426414DB04CE9733ADC2E66C074

[VEDA2 KX64-SRC] slot=1 source=original-ms-burst before_payload_xor=1

[VEDA NEW] CPS-key16 set: AAAAAAAAAAAAAAAAAAAAAAAAAAAAAAAA
[VEDA2 MS VOICE] slot=0 hyp=0 try=71 cps=1 kx64=1 cand=1 vlc=1 emb=1

[5] [MS VOIC_288] db=0xEB 008800E7CDCE7301EE87FE54D329B641915A9AC0AA007B5D788D902592534689580537FD

[VEDA2 KX64-SRC] slot=1 source=original-ms-burst before_payload_xor=1

[VEDA NEW] CPS-key16 set: AAAAAAAAAAAAAAAAAAAAAAAAAAAAAAAA
[VEDA2 MS VOICE] slot=0 hyp=0 try=72 cps=1 kx64=1 cand=1 vlc=1 emb=1

[6] [MS VOIC_288] db=0xEB 002000549FA4F345C95D52C9468F48D2311389185A5E26D6E5A0F033D79B79630566D53C

[VEDA2 KX64-SRC] slot=1 source=original-ms-burst before_payload_xor=1

[VEDA RAW BURST] db=0xEB info=140F14091712909C0A361E82A9AC0AA0000000000000000000

[VEDA DB] slot=1 databurst=0xEB ms=1 stereo=1 payload_algid=0x00
[VEDA HARDCORE] db=0xEB len=9 crc=1 fec_err=0 raw=03000001AF546E9533

[VEDA EMB8] slot=1 b0=03 b1=00 w2=0100 w4=54AF w6=956E

[VEDA RAW] slot=1 sess=3 seq=1 kind=EMB sf=12 len=9 crc=1 irr=0 db=EB aux=03 00 00 00 raw=03000001AF546E9533

[VEDA MS EMB] slot=1 sf=11 len=9 crc=1 fec_err=0 changed=0 uniq=1 raw=03000001AF546E9533

[VEDA2 CAND] src=3 sf=12 len=9 count=6 raw=03000001AF546E9533
[32m SLOT 1 TGT=110420 SRC=7247155 Private Call [0m 
[31m SLOT 1 SB/RC (FEC ERR) E:8; I:389185A5 D:000; [0m FEC ERR 8. Power 0

[VEDA RAW] slot=1 sess=3 seq=2 kind=MI sf=12 len=4 crc=0 irr=0 db=00 aux=00 00 00 00 raw=389185A5

[VEDA MS VOICE-DYN32] slot=1 sf=11 source=VOICE-SBRC32 dyn32=389185A5

[VEDA] SBRC-MI slot=1 I=389185A5
 irr_err 8;
KV|IV set from MI: 00000000 ... 00000000

[VEDA] WAIT_SESSION slot=1 payload_mi=0000000000000000 eff_mi=00000000389185A5

[VEDA BASE] tag=PREVOICE slot=1 sf=12/11 tg=110420 src=7247155 sess_valid=0 stream_valid=0 kx_pos=64 vendor_mi_valid=1 vendor_mi32=389185A5 eff_mi=00000000389185A5 last_hdr_valid=1 last_hdr_src=2 b0=03 b1=00 w2=0100 w4=54AF w6=956E sm=0 len_lo=0 len_hi=0 f9_count=0

[1] [MS VOIC_288] db=0xEB 002400617DD48E0219C549451F4F0CB2F7F7D5DD53DFD6301FED43845DBD5E83C467C237

[VEDA2 KX64-SRC] slot=1 source=original-ms-burst before_payload_xor=1
308642    6.430 |  Sync: +DMR MS/DM MODE/MONO | Color Code=01 | VC* 

[VEDA NEW] CPS-key16 set: AAAAAAAAAAAAAAAAAAAAAAAAAAAAAAAA
[VEDA2 MS VOICE] slot=0 hyp=0 try=73 cps=1 kx64=1 cand=1 vlc=1 emb=1

[VEDA NEW] CPS-key16 set: AAAAAAAAAAAAAAAAAAAAAAAAAAAAAAAA
[VEDA2 MS VOICE] slot=0 hyp=0 try=74 cps=1 kx64=1 cand=1 vlc=1 emb=1

[2] [MS VOIC_288] db=0xEB 222000ECAE993F0B8C6C14EEE994B084513140F1409916AF162DA94368AEF4B3AA34FA50

[VEDA2 KX64-SRC] slot=1 source=original-ms-burst before_payload_xor=1

[VEDA NEW] CPS-key16 set: AAAAAAAAAAAAAAAAAAAAAAAAAAAAAAAA
[VEDA2 MS VOICE] slot=0 hyp=0 try=75 cps=1 kx64=1 cand=1 vlc=1 emb=1

[3] [MS VOIC_288] db=0xEB 882400A236AEE436E1BD6CFD6C0C5AC5B171712909C7433DECACEB902B0E5D36A1EB1511

[VEDA2 KX64-SRC] slot=1 source=original-ms-burst before_payload_xor=1

[VEDA NEW] CPS-key16 set: AAAAAAAAAAAAAAAAAAAAAAAAAAAAAAAA
[VEDA2 MS VOICE] slot=0 hyp=0 try=76 cps=1 kx64=1 cand=1 vlc=1 emb=1

[4] [MS VOIC_288] db=0xEB 200000D45B3E1DB5439077D9F963F2637170A361E82745844604E67C8EE63EC51EB29C39

[VEDA2 KX64-SRC] slot=1 source=original-ms-burst before_payload_xor=1

[VEDA NEW] CPS-key16 set: AAAAAAAAAAAAAAAAAAAAAAAAAAAAAAAA
[VEDA2 MS VOICE] slot=0 hyp=0 try=77 cps=1 kx64=1 cand=1 vlc=1 emb=1

[5] [MS VOIC_288] db=0xEB 8024005D98286A366AA726BF3944EEB6F15A9EC0AA007D4B134E67EB7D0C7D1AB73011B2

[VEDA2 KX64-SRC] slot=1 source=original-ms-burst before_payload_xor=1

[VEDA NEW] CPS-key16 set: AAAAAAAAAAAAAAAAAAAAAAAAAAAAAAAA
[VEDA2 MS VOICE] slot=0 hyp=0 try=78 cps=1 kx64=1 cand=1 vlc=1 emb=1

[6] [MS VOIC_288] db=0xEB 0228006707F995F3E5B9110BA048D5CDC113891C5E5E2B79129760F4176E1C3C6D1744FC

[VEDA2 KX64-SRC] slot=1 source=original-ms-burst before_payload_xor=1

[VEDA RAW BURST] db=0xEB info=140F14091712909C0A361E82A9EC0AA0000000000000000000

[VEDA DB] slot=1 databurst=0xEB ms=1 stereo=1 payload_algid=0x00
[VEDA HARDCORE] db=0xEB len=9 crc=1 fec_err=1 raw=03000001AF546E9533

[VEDA LCDROP] slot=1 type=3 crc=1 irr=1 b0=03 b1=00 w2=0100 w4=54AF w6=956E raw=03000001AF546E9533
[31m SLOT 1 FLCO FEC ERR[0m[31m (FEC ERR) 1. 
[0m
[31m SLOT 1 SB/RC (FEC ERR) E:10; I:3891C5E5 D:000; [0m FEC ERR 10. Power 0

[VEDA RAW] slot=1 sess=3 seq=3 kind=MI sf=13 len=4 crc=0 irr=0 db=00 aux=00 00 00 00 raw=3891C5E5

[VEDA MS VOICE-DYN32] slot=1 sf=12 source=VOICE-SBRC32 dyn32=3891C5E5

[VEDA] SBRC-MI slot=1 I=3891C5E5
 irr_err 10;
KV|IV set from MI: 00000000 ... 00000000

[VEDA] WAIT_SESSION slot=1 payload_mi=0000000000000000 eff_mi=000000003891C5E5

[VEDA BASE] tag=PREVOICE slot=1 sf=13/12 tg=110420 src=7247155 sess_valid=0 stream_valid=0 kx_pos=64 vendor_mi_valid=1 vendor_mi32=3891C5E5 eff_mi=000000003891C5E5 last_hdr_valid=1 last_hdr_src=2 b0=03 b1=00 w2=0100 w4=54AF w6=956E sm=0 len_lo=0 len_hi=0 f9_count=0

[1] [MS VOIC_288] db=0xEB 29E0008C4F741F0AAB6B39CC890F111757F7D5DD53DFD7A24D23F8EE33A3B40FB6EC0799

[VEDA2 KX64-SRC] slot=1 source=original-ms-burst before_payload_xor=1
325922    6.790 |  Sync: +DMR MS/DM MODE/MONO | Color Code=01 | VC* 

[VEDA NEW] CPS-key16 set: AAAAAAAAAAAAAAAAAAAAAAAAAAAAAAAA
[VEDA2 MS VOICE] slot=0 hyp=0 try=79 cps=1 kx64=1 cand=1 vlc=1 emb=1

[VEDA NEW] CPS-key16 set: AAAAAAAAAAAAAAAAAAAAAAAAAAAAAAAA
[VEDA2 MS VOICE] slot=0 hyp=0 try=80 cps=1 kx64=1 cand=1 vlc=1 emb=1

[2] [MS VOIC_288] db=0xEB 820800A342F4A72AE5C0F7CE02EF8B42B13140F14099129DF0C3D66D758877BE9F8EF7BB

[VEDA2 KX64-SRC] slot=1 source=original-ms-burst before_payload_xor=1

[VEDA NEW] CPS-key16 set: AAAAAAAAAAAAAAAAAAAAAAAAAAAAAAAA
[VEDA2 MS VOICE] slot=0 hyp=0 try=81 cps=1 kx64=1 cand=1 vlc=1 emb=1

[3] [MS VOIC_288] db=0xEB 02000035B7095F089BE6F78F750B3799E171712909C74DD2DA664F3B3B09DB4A3CF0DC98

[VEDA2 KX64-SRC] slot=1 source=original-ms-burst before_payload_xor=1

[VEDA NEW] CPS-key16 set: AAAAAAAAAAAAAAAAAAAAAAAAAAAAAAAA
[VEDA2 MS VOICE] slot=0 hyp=0 try=82 cps=1 kx64=1 cand=1 vlc=1 emb=1

[4] [MS VOIC_288] db=0xEB 881808AAF053CBE000BC1B2E2D85B26E9170A361E8274F4C1FE55C5C158F977731FB87C0

[VEDA2 KX64-SRC] slot=1 source=original-ms-burst before_payload_xor=1

[VEDA NEW] CPS-key16 set: AAAAAAAAAAAAAAAAAAAAAAAAAAAAAAAA
[VEDA2 MS VOICE] slot=0 hyp=0 try=83 cps=1 kx64=1 cand=1 vlc=1 emb=1

[5] [MS VOIC_288] db=0xEB 002400A2A9B73E31DA1F4DFCF7482AD2C15E9AC0AA00746A7C0E874AA52E55BA85C7D087

[VEDA2 KX64-SRC] slot=1 source=original-ms-burst before_payload_xor=1

[VEDA NEW] CPS-key16 set: AAAAAAAAAAAAAAAAAAAAAAAAAAAAAAAA
[VEDA2 MS VOICE] slot=0 hyp=0 try=84 cps=1 kx64=1 cand=1 vlc=1 emb=1

[6] [MS VOIC_288] db=0xEB 002000EF50D8C6D87D8F6E1A80F13202311389185A5E249A56E2FD870B17FADC78301CCD

[VEDA2 KX64-SRC] slot=1 source=original-ms-burst before_payload_xor=1

[VEDA RAW BURST] db=0xEB info=140F14091712909C0A361E82E9AC0AA0000000000000000000

[VEDA DB] slot=1 databurst=0xEB ms=1 stereo=1 payload_algid=0x00
[VEDA HARDCORE] db=0xEB len=9 crc=1 fec_err=1 raw=03000001AF546E9533

[VEDA LCDROP] slot=1 type=3 crc=1 irr=1 b0=03 b1=00 w2=0100 w4=54AF w6=956E raw=03000001AF546E9533
[31m SLOT 1 FLCO FEC ERR[0m[31m (FEC ERR) 1. 
[0m
[31m SLOT 1 SB/RC (FEC ERR) E:8; I:389185A5 D:000; [0m FEC ERR 8. Power 0

[VEDA RAW] slot=1 sess=3 seq=4 kind=MI sf=14 len=4 crc=0 irr=0 db=00 aux=00 00 00 00 raw=389185A5

[VEDA MS VOICE-DYN32] slot=1 sf=13 source=VOICE-SBRC32 dyn32=389185A5

[VEDA] SBRC-MI slot=1 I=389185A5
 irr_err 8;
KV|IV set from MI: 00000000 ... 00000000

[VEDA] WAIT_SESSION slot=1 payload_mi=0000000000000000 eff_mi=00000000389185A5

[VEDA BASE] tag=PREVOICE slot=1 sf=14/13 tg=110420 src=7247155 sess_valid=0 stream_valid=0 kx_pos=64 vendor_mi_valid=1 vendor_mi32=389185A5 eff_mi=00000000389185A5 last_hdr_valid=1 last_hdr_src=2 b0=03 b1=00 w2=0100 w4=54AF w6=956E sm=0 len_lo=0 len_hi=0 f9_count=0

[1] [MS VOIC_288] db=0xEB 0800004098EACE17F845B2AE6B1B5DC5A7F7D5DD57DFD1B6DAC044F6268A647889D45B7B

[VEDA2 KX64-SRC] slot=1 source=original-ms-burst before_payload_xor=1
343201    7.150 |  Sync: +DMR MS/DM MODE/MONO | Color Code=01 | VC* 

[VEDA NEW] CPS-key16 set: AAAAAAAAAAAAAAAAAAAAAAAAAAAAAAAA
[VEDA2 MS VOICE] slot=0 hyp=0 try=85 cps=1 kx64=1 cand=1 vlc=1 emb=1

[VEDA NEW] CPS-key16 set: AAAAAAAAAAAAAAAAAAAAAAAAAAAAAAAA
[VEDA2 MS VOICE] slot=0 hyp=0 try=86 cps=1 kx64=1 cand=1 vlc=1 emb=1

[2] [MS VOIC_288] db=0xEB 228000226C1CB3F618910C9956DC6F04C13140F140991D0CF195DB0D10BC143EE6A0BB8A

[VEDA2 KX64-SRC] slot=1 source=original-ms-burst before_payload_xor=1

[VEDA NEW] CPS-key16 set: AAAAAAAAAAAAAAAAAAAAAAAAAAAAAAAA
[VEDA2 MS VOICE] slot=0 hyp=0 try=87 cps=1 kx64=1 cand=1 vlc=1 emb=1

[3] [MS VOIC_288] db=0xEB 88DC00D87B8B34F9246D758A0ACC52027171712909C74C96FA594812F9FEC97383D6C430

[VEDA2 KX64-SRC] slot=1 source=original-ms-burst before_payload_xor=1

[VEDA NEW] CPS-key16 set: AAAAAAAAAAAAAAAAAAAAAAAAAAAAAAAA
[VEDA2 MS VOICE] slot=0 hyp=0 try=88 cps=1 kx64=1 cand=1 vlc=1 emb=1

[4] [MS VOIC_288] db=0xEB 202400CD403B51C983C3689376A1462D3170A361E8274C5DEAD26CC1A2F05B3A9AA066EE

[VEDA2 KX64-SRC] slot=1 source=original-ms-burst before_payload_xor=1

[VEDA NEW] CPS-key16 set: AAAAAAAAAAAAAAAAAAAAAAAAAAAAAAAA
[VEDA2 MS VOICE] slot=0 hyp=0 try=89 cps=1 kx64=1 cand=1 vlc=1 emb=1

[5] [MS VOIC_288] db=0xEB 808C00D6E65FAFDD30AA633E9A8D72FC615A9AC0AA0077D29DA60373D8FBE193804D64B7

[VEDA2 KX64-SRC] slot=1 source=original-ms-burst before_payload_xor=1

[VEDA NEW] CPS-key16 set: AAAAAAAAAAAAAAAAAAAAAAAAAAAAAAAA
[VEDA2 MS VOICE] slot=0 hyp=0 try=90 cps=1 kx64=1 cand=1 vlc=1 emb=1

[6] [MS VOIC_288] db=0xEB 000000B9B403E3ADE5D87DC342D7DD10A11389185A5E29DD5EBB95C64DB05B651483F83D

[VEDA2 KX64-SRC] slot=1 source=original-ms-burst before_payload_xor=1

[VEDA RAW BURST] db=0xEB info=140F14091712909C0A361E82A9AC0AA0000000000000000000

[VEDA DB] slot=1 databurst=0xEB ms=1 stereo=1 payload_algid=0x00
[VEDA HARDCORE] db=0xEB len=9 crc=1 fec_err=0 raw=03000001AF546E9533

[VEDA EMB8] slot=1 b0=03 b1=00 w2=0100 w4=54AF w6=956E

[VEDA RAW] slot=1 sess=3 seq=5 kind=EMB sf=15 len=9 crc=1 irr=0 db=EB aux=03 00 00 00 raw=03000001AF546E9533

[VEDA MS EMB] slot=1 sf=14 len=9 crc=1 fec_err=0 changed=0 uniq=1 raw=03000001AF546E9533

[VEDA2 CAND] src=3 sf=15 len=9 count=7 raw=03000001AF546E9533
[32m SLOT 1 TGT=110420 SRC=7247155 Private Call [0m 
[31m SLOT 1 SB/RC (FEC ERR) E:8; I:389185A5 D:000; [0m FEC ERR 8. Power 0

[VEDA RAW] slot=1 sess=3 seq=6 kind=MI sf=15 len=4 crc=0 irr=0 db=00 aux=00 00 00 00 raw=389185A5

[VEDA MS VOICE-DYN32] slot=1 sf=14 source=VOICE-SBRC32 dyn32=389185A5

[VEDA] SBRC-MI slot=1 I=389185A5
 irr_err 8;
KV|IV set from MI: 00000000 ... 00000000

[VEDA] WAIT_SESSION slot=1 payload_mi=0000000000000000 eff_mi=00000000389185A5

[VEDA BASE] tag=PREVOICE slot=1 sf=15/14 tg=110420 src=7247155 sess_valid=0 stream_valid=0 kx_pos=64 vendor_mi_valid=1 vendor_mi32=389185A5 eff_mi=00000000389185A5 last_hdr_valid=1 last_hdr_src=2 b0=03 b1=00 w2=0100 w4=54AF w6=956E sm=0 len_lo=0 len_hi=0 f9_count=0

[1] [MS VOIC_288] db=0xEB 000000F9EB2A7EDDB8F2B5DBB10C5BE5B7F7D5DD53DFD3DEDD56B2095ABEC9DE834D1442

[VEDA2 KX64-SRC] slot=1 source=original-ms-burst before_payload_xor=1
360482    7.510 |  Sync: +DMR MS/DM MODE/MONO | Color Code=01 | VC* 

[VEDA NEW] CPS-key16 set: AAAAAAAAAAAAAAAAAAAAAAAAAAAAAAAA
[VEDA2 MS VOICE] slot=0 hyp=0 try=91 cps=1 kx64=1 cand=1 vlc=1 emb=1

[VEDA NEW] CPS-key16 set: AAAAAAAAAAAAAAAAAAAAAAAAAAAAAAAA
[VEDA2 MS VOICE] slot=0 hyp=0 try=92 cps=1 kx64=1 cand=1 vlc=1 emb=1

[2] [MS VOIC_288] db=0xEB 222000D01B0EEC80BE9DB9997B65148E513140F140991A6F642A8E5B4B080470A2495E72

[VEDA2 KX64-SRC] slot=1 source=original-ms-burst before_payload_xor=1

[VEDA NEW] CPS-key16 set: AAAAAAAAAAAAAAAAAAAAAAAAAAAAAAAA
[VEDA2 MS VOICE] slot=0 hyp=0 try=93 cps=1 kx64=1 cand=1 vlc=1 emb=1

[3] [MS VOIC_288] db=0xEB 222000898B49C79ACBEBAE4FE06AB3C43171712909C746B2188C9ABAE9DFE53C13416391

[VEDA2 KX64-SRC] slot=1 source=original-ms-burst before_payload_xor=1

[VEDA NEW] CPS-key16 set: AAAAAAAAAAAAAAAAAAAAAAAAAAAAAAAA
[VEDA2 MS VOICE] slot=0 hyp=0 try=94 cps=1 kx64=1 cand=1 vlc=1 emb=1

[4] [MS VOIC_288] db=0xEB 80200088A5670EB532A79CC7BD71B15D4170A361E827440E31C170B2228A2CDC1069B075

[VEDA2 KX64-SRC] slot=1 source=original-ms-burst before_payload_xor=1

[VEDA NEW] CPS-key16 set: AAAAAAAAAAAAAAAAAAAAAAAAAAAAAAAA
[VEDA2 MS VOICE] slot=0 hyp=0 try=95 cps=1 kx64=1 cand=1 vlc=1 emb=1

[5] [MS VOIC_288] db=0xEB 020800B76C9E59F38114E04595E99D94415A9AC0AA007290193C77F75A438D9B31C34E55

[VEDA2 KX64-SRC] slot=1 source=original-ms-burst before_payload_xor=1

[VEDA NEW] CPS-key16 set: AAAAAAAAAAAAAAAAAAAAAAAAAAAAAAAA
[VEDA2 MS VOICE] slot=0 hyp=0 try=96 cps=1 kx64=1 cand=1 vlc=1 emb=1

[6] [MS VOIC_288] db=0xEB 82200005039E9B83C6EEC923A43F0204511389185A5E25AEB5C27568EA3E204B30D14AAB

[VEDA2 KX64-SRC] slot=1 source=original-ms-burst before_payload_xor=1

[VEDA RAW BURST] db=0xEB info=140F14091712909C0A361E82A9AC0AA0000000000000000000

[VEDA DB] slot=1 databurst=0xEB ms=1 stereo=1 payload_algid=0x00
[VEDA HARDCORE] db=0xEB len=9 crc=1 fec_err=0 raw=03000001AF546E9533

[VEDA EMB8] slot=1 b0=03 b1=00 w2=0100 w4=54AF w6=956E

[VEDA RAW] slot=1 sess=4 seq=1 kind=EMB sf=16 len=9 crc=1 irr=0 db=EB aux=03 00 00 00 raw=03000001AF546E9533

[VEDA MS EMB] slot=1 sf=15 len=9 crc=1 fec_err=0 changed=0 uniq=1 raw=03000001AF546E9533

[VEDA2 CAND] src=3 sf=16 len=9 count=8 raw=03000001AF546E9533
[32m SLOT 1 TGT=110420 SRC=7247155 Private Call [0m 
[31m SLOT 1 SB/RC (FEC ERR) E:8; I:389185A5 D:000; [0m FEC ERR 8. Power 0

[VEDA RAW] slot=1 sess=4 seq=2 kind=MI sf=16 len=4 crc=0 irr=0 db=00 aux=00 00 00 00 raw=389185A5

[VEDA MS VOICE-DYN32] slot=1 sf=15 source=VOICE-SBRC32 dyn32=389185A5

[VEDA] SBRC-MI slot=1 I=389185A5
 irr_err 8;
KV|IV set from MI: 00000000 ... 00000000

[VEDA] WAIT_SESSION slot=1 payload_mi=0000000000000000 eff_mi=00000000389185A5

[VEDA BASE] tag=PREVOICE slot=1 sf=16/15 tg=110420 src=7247155 sess_valid=0 stream_valid=0 kx_pos=64 vendor_mi_valid=1 vendor_mi32=389185A5 eff_mi=00000000389185A5 last_hdr_valid=1 last_hdr_src=2 b0=03 b1=00 w2=0100 w4=54AF w6=956E sm=0 len_lo=0 len_hi=0 f9_count=0

[1] [MS VOIC_288] db=0xEB 800000B6D96A8D4276AF4392BB3D15CA07F7D5DD57DFD2A8806BD286750FB06A391B2D7C

[VEDA2 KX64-SRC] slot=1 source=original-ms-burst before_payload_xor=1
377762    7.870 |  Sync: +DMR MS/DM MODE/MONO | Color Code=01 | VC* 

[VEDA NEW] CPS-key16 set: AAAAAAAAAAAAAAAAAAAAAAAAAAAAAAAA
[VEDA2 MS VOICE] slot=0 hyp=0 try=97 cps=1 kx64=1 cand=1 vlc=1 emb=1

[VEDA NEW] CPS-key16 set: AAAAAAAAAAAAAAAAAAAAAAAAAAAAAAAA
[VEDA2 MS VOICE] slot=0 hyp=0 try=98 cps=1 kx64=1 cand=1 vlc=1 emb=1

[2] [MS VOIC_288] db=0xEB 082400417BF87BEA3F485A52531A927C713140F140991FF55F76C37F5D3C3576494A77A9

[VEDA2 KX64-SRC] slot=1 source=original-ms-burst before_payload_xor=1

[VEDA NEW] CPS-key16 set: AAAAAAAAAAAAAAAAAAAAAAAAAAAAAAAA
[VEDA2 MS VOICE] slot=0 hyp=0 try=99 cps=1 kx64=1 cand=1 vlc=1 emb=1

[3] [MS VOIC_288] db=0xEB 0A0800B3D90B03E1C68F1DAC99FA70E32171712909C744FD1B09C7E72668E64D02F839B3

[VEDA2 KX64-SRC] slot=1 source=original-ms-burst before_payload_xor=1

[VEDA NEW] CPS-key16 set: AAAAAAAAAAAAAAAAAAAAAAAAAAAAAAAA
[VEDA2 MS VOICE] slot=0 hyp=0 try=100 cps=1 kx64=1 cand=1 vlc=1 emb=1

[4] [MS VOIC_288] db=0xEB 2004000DED6D4BC520FC5AAA201EB3CB3170A361E8274251257FB9BD0AEFBE11300FF633

[VEDA2 KX64-SRC] slot=1 source=original-ms-burst before_payload_xor=1

[VEDA NEW] CPS-key16 set: AAAAAAAAAAAAAAAAAAAAAAAAAAAAAAAA
[VEDA2 MS VOICE] slot=0 hyp=0 try=101 cps=1 kx64=1 cand=1 vlc=1 emb=1

[5] [MS VOIC_288] db=0xEB 22200082BE14FEA745F874CC22EA836E715A9AC0AA0078C7B5CF9F9F539A504399390FCA

[VEDA2 KX64-SRC] slot=1 source=original-ms-burst before_payload_xor=1

[VEDA NEW] CPS-key16 set: AAAAAAAAAAAAAAAAAAAAAAAAAAAAAAAA
[VEDA2 MS VOICE] slot=0 hyp=0 try=102 cps=1 kx64=1 cand=1 vlc=1 emb=1

[6] [MS VOIC_288] db=0xEB 0020007690677B0E2DA8A35C98E85195511389185A5E25897B589248D17991913E0FDB14

[VEDA2 KX64-SRC] slot=1 source=original-ms-burst before_payload_xor=1

[VEDA RAW BURST] db=0xEB info=140F14091712909C0A361E82A9AC0AA0000000000000000000

[VEDA DB] slot=1 databurst=0xEB ms=1 stereo=1 payload_algid=0x00
[VEDA HARDCORE] db=0xEB len=9 crc=1 fec_err=0 raw=03000001AF546E9533

[VEDA EMB8] slot=1 b0=03 b1=00 w2=0100 w4=54AF w6=956E

[VEDA RAW] slot=1 sess=4 seq=3 kind=EMB sf=17 len=9 crc=1 irr=0 db=EB aux=03 00 00 00 raw=03000001AF546E9533

[VEDA MS EMB] slot=1 sf=16 len=9 crc=1 fec_err=0 changed=0 uniq=1 raw=03000001AF546E9533

[VEDA2 CAND] src=3 sf=17 len=9 count=9 raw=03000001AF546E9533
[32m SLOT 1 TGT=110420 SRC=7247155 Private Call [0m 
[31m SLOT 1 SB/RC (FEC ERR) E:8; I:389185A5 D:000; [0m FEC ERR 8. Power 0

[VEDA RAW] slot=1 sess=4 seq=4 kind=MI sf=17 len=4 crc=0 irr=0 db=00 aux=00 00 00 00 raw=389185A5

[VEDA MS VOICE-DYN32] slot=1 sf=16 source=VOICE-SBRC32 dyn32=389185A5

[VEDA] SBRC-MI slot=1 I=389185A5
 irr_err 8;
KV|IV set from MI: 00000000 ... 00000000

[VEDA] WAIT_SESSION slot=1 payload_mi=0000000000000000 eff_mi=00000000389185A5

[VEDA BASE] tag=PREVOICE slot=1 sf=17/16 tg=110420 src=7247155 sess_valid=0 stream_valid=0 kx_pos=64 vendor_mi_valid=1 vendor_mi32=389185A5 eff_mi=00000000389185A5 last_hdr_valid=1 last_hdr_src=2 b0=03 b1=00 w2=0100 w4=54AF w6=956E sm=0 len_lo=0 len_hi=0 f9_count=0

[1] [MS VOIC_288] db=0xEB 0020009B50AE64C9BD54F1C37EE7ED55D7F7D5DD57DFDCA6B24A6BEC9BAEC1E22BAFDE02

[VEDA2 KX64-SRC] slot=1 source=original-ms-burst before_payload_xor=1
395041    8.230 |  Sync: +DMR MS/DM MODE/MONO | Color Code=01 | VC* 

[VEDA NEW] CPS-key16 set: AAAAAAAAAAAAAAAAAAAAAAAAAAAAAAAA
[VEDA2 MS VOICE] slot=0 hyp=0 try=103 cps=1 kx64=1 cand=1 vlc=1 emb=1

[VEDA NEW] CPS-key16 set: AAAAAAAAAAAAAAAAAAAAAAAAAAAAAAAA
[VEDA2 MS VOICE] slot=0 hyp=0 try=104 cps=1 kx64=1 cand=1 vlc=1 emb=1

[2] [MS VOIC_288] db=0xEB 802000775A68161E231347B736327704813140F1409914FAE877440B40A5FD7D8ED19D54

[VEDA2 KX64-SRC] slot=1 source=original-ms-burst before_payload_xor=1

[VEDA NEW] CPS-key16 set: AAAAAAAAAAAAAAAAAAAAAAAAAAAAAAAA
[VEDA2 MS VOICE] slot=0 hyp=0 try=105 cps=1 kx64=1 cand=1 vlc=1 emb=1

[3] [MS VOIC_288] db=0xEB 002400D75AB5F4CCB05661E7B8DCD323F171712909C744138D45B18BC316369CC3C58B1E

[VEDA2 KX64-SRC] slot=1 source=original-ms-burst before_payload_xor=1

[VEDA NEW] CPS-key16 set: AAAAAAAAAAAAAAAAAAAAAAAAAAAAAAAA
[VEDA2 MS VOICE] slot=0 hyp=0 try=106 cps=1 kx64=1 cand=1 vlc=1 emb=1

[4] [MS VOIC_288] db=0xEB 020800494482D2022132C924729D35ECF170A361E8274788501D1882EA4B218A3E1FA6F7

[VEDA2 KX64-SRC] slot=1 source=original-ms-burst before_payload_xor=1

[VEDA NEW] CPS-key16 set: AAAAAAAAAAAAAAAAAAAAAAAAAAAAAAAA
[VEDA2 MS VOICE] slot=0 hyp=0 try=107 cps=1 kx64=1 cand=1 vlc=1 emb=1

[5] [MS VOIC_288] db=0xEB 8E4490840945AC25415282E02A8068CD6B1670BB00008000020000000002000020800800

[VEDA2 KX64-SRC] slot=1 source=original-ms-burst before_payload_xor=1

[VEDA NEW] CPS-key16 set: AAAAAAAAAAAAAAAAAAAAAAAAAAAAAAAA
[VEDA2 MS VOICE] slot=0 hyp=0 try=108 cps=1 kx64=1 cand=1 vlc=1 emb=1

[6] [MS VOIC_288] db=0xEB A844F24616978B353C54336F6EE79C9010EFD526C0008000000000800000008008002000

[VEDA2 KX64-SRC] slot=1 source=original-ms-burst before_payload_xor=1

[VEDA RAW BURST] db=0xEB info=140F14091712909C0A361E82670BB000000000000000000000

[VEDA DB] slot=1 databurst=0xEB ms=1 stereo=1 payload_algid=0x00
[VEDA HARDCORE] db=0xEB len=9 crc=0 fec_err=10 raw=AAA00001AF6BDAF513

[VEDA LCDROP] slot=1 type=3 crc=0 irr=10 b0=AA b1=A0 w2=0100 w4=6BAF w6=F5DA raw=AAA00001AF6BDAF513
[31m SLOT 1 FLCO FEC ERR[0m[31m (FEC ERR) 10. 
[0m
KV|IV set from MI: 00000000 ... 00000000

[VEDA] WAIT_SESSION slot=1 payload_mi=0000000000000000 eff_mi=00000000389185A5

[VEDA BASE] tag=PREVOICE slot=1 sf=18/17 tg=110420 src=7247155 sess_valid=0 stream_valid=0 kx_pos=64 vendor_mi_valid=1 vendor_mi32=389185A5 eff_mi=00000000389185A5 last_hdr_valid=1 last_hdr_src=2 b0=03 b1=00 w2=0100 w4=54AF w6=956E sm=0 len_lo=0 len_hi=0 f9_count=0

[1] [MS VOIC_288] db=0xEB 0824007DD7E2E1B94B46CCEEE110E9EC47F7D5DD53DFD6C19CE5E558D5DFB913BF56F839

[VEDA2 KX64-SRC] slot=1 source=original-ms-burst before_payload_xor=1
428973    8.937 |  Sync: +DMR MS/DM MODE/MONO | Color Code=01 | VC* 

[VEDA NEW] CPS-key16 set: AAAAAAAAAAAAAAAAAAAAAAAAAAAAAAAA
[VEDA2 MS VOICE] slot=0 hyp=0 try=109 cps=1 kx64=1 cand=1 vlc=1 emb=1

[VEDA NEW] CPS-key16 set: AAAAAAAAAAAAAAAAAAAAAAAAAAAAAAAA
[VEDA2 MS VOICE] slot=0 hyp=0 try=110 cps=1 kx64=1 cand=1 vlc=1 emb=1

[2] [MS VOIC_288] db=0xEB 0A0000F3DA8CC86A83C9138A8EDDDA81513140F1409919FE04786E34E947ECF74EA6277B

[VEDA2 KX64-SRC] slot=1 source=original-ms-burst before_payload_xor=1

[VEDA NEW] CPS-key16 set: AAAAAAAAAAAAAAAAAAAAAAAAAAAAAAAA
[VEDA2 MS VOICE] slot=0 hyp=0 try=111 cps=1 kx64=1 cand=1 vlc=1 emb=1

[3] [MS VOIC_288] db=0xEB C76000A8E119D1CC6F213EB814A0394FD171712909C74344FF310B8A861C50AD0C3CFB35

[VEDA2 KX64-SRC] slot=1 source=original-ms-burst before_payload_xor=1

[VEDA NEW] CPS-key16 set: AAAAAAAAAAAAAAAAAAAAAAAAAAAAAAAA
[VEDA2 MS VOICE] slot=0 hyp=0 try=112 cps=1 kx64=1 cand=1 vlc=1 emb=1

[4] [MS VOIC_288] db=0xEB 808C006E61C04A5F0D7876FCD493FC37B170A361E827437ED13538AECD0EDE1D6EC34788

[VEDA2 KX64-SRC] slot=1 source=original-ms-burst before_payload_xor=1

[VEDA NEW] CPS-key16 set: AAAAAAAAAAAAAAAAAAAAAAAAAAAAAAAA
[VEDA2 MS VOICE] slot=0 hyp=0 try=113 cps=1 kx64=1 cand=1 vlc=1 emb=1

[5] [MS VOIC_288] db=0xEB 0A2400854892A95F93B8C341AB3BC8BCB15A9AC0AA007F42674E3A02F2D317E1D787352D

[VEDA2 KX64-SRC] slot=1 source=original-ms-burst before_payload_xor=1

[VEDA NEW] CPS-key16 set: AAAAAAAAAAAAAAAAAAAAAAAAAAAAAAAA
[VEDA2 MS VOICE] slot=0 hyp=0 try=114 cps=1 kx64=1 cand=1 vlc=1 emb=1

[6] [MS VOIC_288] db=0xEB 288C00C8DE6A197FF96ABC3467A18DC2211389185A5E2B63FF6E1F9AC7913F5A35ADB826

[VEDA2 KX64-SRC] slot=1 source=original-ms-burst before_payload_xor=1

[VEDA RAW BURST] db=0xEB info=140F14091712909C0A361E82A9AC0AA0000000000000000000

[VEDA DB] slot=1 databurst=0xEB ms=1 stereo=1 payload_algid=0x00
[VEDA HARDCORE] db=0xEB len=9 crc=1 fec_err=0 raw=03000001AF546E9533

[VEDA EMB8] slot=1 b0=03 b1=00 w2=0100 w4=54AF w6=956E

[VEDA RAW] slot=1 sess=4 seq=5 kind=EMB sf=19 len=9 crc=1 irr=0 db=EB aux=03 00 00 00 raw=03000001AF546E9533

[VEDA MS EMB] slot=1 sf=18 len=9 crc=1 fec_err=0 changed=0 uniq=1 raw=03000001AF546E9533

[VEDA2 CAND] src=3 sf=19 len=9 count=10 raw=03000001AF546E9533
[32m SLOT 1 TGT=110420 SRC=7247155 Private Call [0m 
[31m SLOT 1 SB/RC (FEC ERR) E:8; I:389185A5 D:000; [0m FEC ERR 8. Power 0

[VEDA RAW] slot=1 sess=4 seq=6 kind=MI sf=19 len=4 crc=0 irr=0 db=00 aux=00 00 00 00 raw=389185A5

[VEDA MS VOICE-DYN32] slot=1 sf=18 source=VOICE-SBRC32 dyn32=389185A5

[VEDA] SBRC-MI slot=1 I=389185A5
 irr_err 8;
KV|IV set from MI: 00000000 ... 00000000

[VEDA] WAIT_SESSION slot=1 payload_mi=0000000000000000 eff_mi=00000000389185A5

[VEDA BASE] tag=PREVOICE slot=1 sf=19/18 tg=110420 src=7247155 sess_valid=0 stream_valid=0 kx_pos=64 vendor_mi_valid=1 vendor_mi32=389185A5 eff_mi=00000000389185A5 last_hdr_valid=1 last_hdr_src=2 b0=03 b1=00 w2=0100 w4=54AF w6=956E sm=0 len_lo=0 len_hi=0 f9_count=0

[1] [MS VOIC_288] db=0xEB 088000327B0EC30D959EFB7B266CF13957F7D5DD53DFDF728948E26E387AC24A91A64D79

[VEDA2 KX64-SRC] slot=1 source=original-ms-burst before_payload_xor=1
446252    9.297 |  Sync: +DMR MS/DM MODE/MONO | Color Code=01 | VC* 

[VEDA NEW] CPS-key16 set: AAAAAAAAAAAAAAAAAAAAAAAAAAAAAAAA
[VEDA2 MS VOICE] slot=0 hyp=0 try=115 cps=1 kx64=1 cand=1 vlc=1 emb=1

[VEDA NEW] CPS-key16 set: AAAAAAAAAAAAAAAAAAAAAAAAAAAAAAAA
[VEDA2 MS VOICE] slot=0 hyp=0 try=116 cps=1 kx64=1 cand=1 vlc=1 emb=1

[2] [MS VOIC_288] db=0xEB 2200006B1F6A694C130B6DBAC2A9DEC0C13140F140991DFDF0D0A3C0BD4BF97F2CFDB4AB

[VEDA2 KX64-SRC] slot=1 source=original-ms-burst before_payload_xor=1

[VEDA NEW] CPS-key16 set: AAAAAAAAAAAAAAAAAAAAAAAAAAAAAAAA
[VEDA2 MS VOICE] slot=0 hyp=0 try=117 cps=1 kx64=1 cand=1 vlc=1 emb=1

[3] [MS VOIC_288] db=0xEB 802400D8AB6DD83CBE236F8FAC07B2035171712909C74312806984C45659F8D6801702B3

[VEDA2 KX64-SRC] slot=1 source=original-ms-burst before_payload_xor=1

[VEDA NEW] CPS-key16 set: AAAAAAAAAAAAAAAAAAAAAAAAAAAAAAAA
[VEDA2 MS VOICE] slot=0 hyp=0 try=118 cps=1 kx64=1 cand=1 vlc=1 emb=1

[4] [MS VOIC_288] db=0xEB 0A24007A98BA65EFDD198360C7BBF2DE7170A361E827415C91D753A4F33774CA9E7C48D1

[VEDA2 KX64-SRC] slot=1 source=original-ms-burst before_payload_xor=1

[VEDA NEW] CPS-key16 set: AAAAAAAAAAAAAAAAAAAAAAAAAAAAAAAA
[VEDA2 MS VOICE] slot=0 hyp=0 try=119 cps=1 kx64=1 cand=1 vlc=1 emb=1

[5] [MS VOIC_288] db=0xEB 20800036C8FE03FA8974114742F64C85D15A9AC0AA0070AA90412532F64C104297A2D9BF

[VEDA2 KX64-SRC] slot=1 source=original-ms-burst before_payload_xor=1

[VEDA NEW] CPS-key16 set: AAAAAAAAAAAAAAAAAAAAAAAAAAAAAAAA
[VEDA2 MS VOICE] slot=0 hyp=0 try=120 cps=1 kx64=1 cand=1 vlc=1 emb=1

[6] [MS VOIC_288] db=0xEB 002000769B23BCF4263720E1F09A20D0A11389185A5E2EEF3852D822A838FF8A94BAE0E6

[VEDA2 KX64-SRC] slot=1 source=original-ms-burst before_payload_xor=1

[VEDA RAW BURST] db=0xEB info=140F14091712909C0A361E82A9AC0AA0000000000000000000

[VEDA DB] slot=1 databurst=0xEB ms=1 stereo=1 payload_algid=0x00
[VEDA HARDCORE] db=0xEB len=9 crc=1 fec_err=0 raw=03000001AF546E9533

[VEDA EMB8] slot=1 b0=03 b1=00 w2=0100 w4=54AF w6=956E

[VEDA RAW] slot=1 sess=5 seq=1 kind=EMB sf=20 len=9 crc=1 irr=0 db=EB aux=03 00 00 00 raw=03000001AF546E9533

[VEDA MS EMB] slot=1 sf=19 len=9 crc=1 fec_err=0 changed=0 uniq=1 raw=03000001AF546E9533

[VEDA2 CAND] src=3 sf=20 len=9 count=11 raw=03000001AF546E9533
[32m SLOT 1 TGT=110420 SRC=7247155 Private Call [0m 
[31m SLOT 1 SB/RC (FEC ERR) E:8; I:389185A5 D:000; [0m FEC ERR 8. Power 0

[VEDA RAW] slot=1 sess=5 seq=2 kind=MI sf=20 len=4 crc=0 irr=0 db=00 aux=00 00 00 00 raw=389185A5

[VEDA MS VOICE-DYN32] slot=1 sf=19 source=VOICE-SBRC32 dyn32=389185A5

[VEDA] SBRC-MI slot=1 I=389185A5
 irr_err 8;
KV|IV set from MI: 00000000 ... 00000000

[VEDA] WAIT_SESSION slot=1 payload_mi=0000000000000000 eff_mi=00000000389185A5

[VEDA BASE] tag=PREVOICE slot=1 sf=20/19 tg=110420 src=7247155 sess_valid=0 stream_valid=0 kx_pos=64 vendor_mi_valid=1 vendor_mi32=389185A5 eff_mi=00000000389185A5 last_hdr_valid=1 last_hdr_src=2 b0=03 b1=00 w2=0100 w4=54AF w6=956E sm=0 len_lo=0 len_hi=0 f9_count=0

[1] [MS VOIC_288] db=0xEB 008600E79EA0A8E55849BEEBA53BCE16B7F7D5DD53DFDA6375B1BD89E2108BE8FA6FC560

[VEDA2 KX64-SRC] slot=1 source=original-ms-burst before_payload_xor=1
463532    9.657 |  Sync: +DMR MS/DM MODE/MONO | Color Code=01 | VC* 

[VEDA NEW] CPS-key16 set: AAAAAAAAAAAAAAAAAAAAAAAAAAAAAAAA
[VEDA2 MS VOICE] slot=0 hyp=0 try=121 cps=1 kx64=1 cand=1 vlc=1 emb=1

[VEDA NEW] CPS-key16 set: AAAAAAAAAAAAAAAAAAAAAAAAAAAAAAAA
[VEDA2 MS VOICE] slot=0 hyp=0 try=122 cps=1 kx64=1 cand=1 vlc=1 emb=1

[2] [MS VOIC_288] db=0xEB 0024000DBB5C17A62D0882194AE822C2413140F140991CF8728B4AA0F4748FB7C105E75D

[VEDA2 KX64-SRC] slot=1 source=original-ms-burst before_payload_xor=1

[VEDA NEW] CPS-key16 set: AAAAAAAAAAAAAAAAAAAAAAAAAAAAAAAA
[VEDA2 MS VOICE] slot=0 hyp=0 try=123 cps=1 kx64=1 cand=1 vlc=1 emb=1

[3] [MS VOIC_288] db=0xEB 022400C202507348716AA2C8632FCED8A171712909C74C1F509E9A67343A51821BA303C7

[VEDA2 KX64-SRC] slot=1 source=original-ms-burst before_payload_xor=1

[VEDA NEW] CPS-key16 set: AAAAAAAAAAAAAAAAAAAAAAAAAAAAAAAA
[VEDA2 MS VOICE] slot=0 hyp=0 try=124 cps=1 kx64=1 cand=1 vlc=1 emb=1

[4] [MS VOIC_288] db=0xEB A028001BB375ACAF1E04AC6BD6100604B170A361E82748DCF694DD191FE5BE81C5378A07

[VEDA2 KX64-SRC] slot=1 source=original-ms-burst before_payload_xor=1

[VEDA NEW] CPS-key16 set: AAAAAAAAAAAAAAAAAAAAAAAAAAAAAAAA
[VEDA2 MS VOICE] slot=0 hyp=0 try=125 cps=1 kx64=1 cand=1 vlc=1 emb=1

[5] [MS VOIC_288] db=0xEB 20200067381104B8CF76597281D893A9B15A9AC0AA0078354C0BA68AAF28E22EFD7794C3

[VEDA2 KX64-SRC] slot=1 source=original-ms-burst before_payload_xor=1

[VEDA NEW] CPS-key16 set: AAAAAAAAAAAAAAAAAAAAAAAAAAAAAAAA
[VEDA2 MS VOICE] slot=0 hyp=0 try=126 cps=1 kx64=1 cand=1 vlc=1 emb=1

[6] [MS VOIC_288] db=0xEB 020800BD8E3CE4C6CE7B58A94DC45EA4C11389185A5E21C55A959E8BA894B3A98D116836

[VEDA2 KX64-SRC] slot=1 source=original-ms-burst before_payload_xor=1

[VEDA RAW BURST] db=0xEB info=140F14091712909C0A361E82A9AC0AA0000000000000000000

[VEDA DB] slot=1 databurst=0xEB ms=1 stereo=1 payload_algid=0x00
[VEDA HARDCORE] db=0xEB len=9 crc=1 fec_err=0 raw=03000001AF546E9533

[VEDA EMB8] slot=1 b0=03 b1=00 w2=0100 w4=54AF w6=956E

[VEDA RAW] slot=1 sess=5 seq=3 kind=EMB sf=21 len=9 crc=1 irr=0 db=EB aux=03 00 00 00 raw=03000001AF546E9533

[VEDA MS EMB] slot=1 sf=20 len=9 crc=1 fec_err=0 changed=0 uniq=1 raw=03000001AF546E9533

[VEDA2 CAND] src=3 sf=21 len=9 count=12 raw=03000001AF546E9533
[32m SLOT 1 TGT=110420 SRC=7247155 Private Call [0m 
[31m SLOT 1 SB/RC (FEC ERR) E:8; I:389185A5 D:000; [0m FEC ERR 8. Power 0

[VEDA RAW] slot=1 sess=5 seq=4 kind=MI sf=21 len=4 crc=0 irr=0 db=00 aux=00 00 00 00 raw=389185A5

[VEDA MS VOICE-DYN32] slot=1 sf=20 source=VOICE-SBRC32 dyn32=389185A5

[VEDA] SBRC-MI slot=1 I=389185A5
 irr_err 8;
KV|IV set from MI: 00000000 ... 00000000

[VEDA] WAIT_SESSION slot=1 payload_mi=0000000000000000 eff_mi=00000000389185A5

[VEDA BASE] tag=PREVOICE slot=1 sf=21/20 tg=110420 src=7247155 sess_valid=0 stream_valid=0 kx_pos=64 vendor_mi_valid=1 vendor_mi32=389185A5 eff_mi=00000000389185A5 last_hdr_valid=1 last_hdr_src=2 b0=03 b1=00 w2=0100 w4=54AF w6=956E sm=0 len_lo=0 len_hi=0 f9_count=0

[1] [MS VOIC_288] db=0xEB 0820003DEA9CDD5816D8DCD13EDBC4B377F7D5DD53DFD14E40CC206430530F03E826B1A4

[VEDA2 KX64-SRC] slot=1 source=original-ms-burst before_payload_xor=1
480812   10.017 |  Sync: +DMR MS/DM MODE/MONO | Color Code=01 | VC* 

[VEDA NEW] CPS-key16 set: AAAAAAAAAAAAAAAAAAAAAAAAAAAAAAAA
[VEDA2 MS VOICE] slot=0 hyp=0 try=127 cps=1 kx64=1 cand=1 vlc=1 emb=1

[VEDA NEW] CPS-key16 set: AAAAAAAAAAAAAAAAAAAAAAAAAAAAAAAA
[VEDA2 MS VOICE] slot=0 hyp=0 try=128 cps=1 kx64=1 cand=1 vlc=1 emb=1

[2] [MS VOIC_288] db=0xEB A00C00AB6176A8EAB6643E8747D3A820E13140F1409910FEFF4B751E0074DA7ECDC4539F

[VEDA2 KX64-SRC] slot=1 source=original-ms-burst before_payload_xor=1

[VEDA NEW] CPS-key16 set: AAAAAAAAAAAAAAAAAAAAAAAAAAAAAAAA
[VEDA2 MS VOICE] slot=0 hyp=0 try=129 cps=1 kx64=1 cand=1 vlc=1 emb=1

[3] [MS VOIC_288] db=0xEB 008600F1C720A2081C0B9CA2812F13EEB171712909C74BF06743107EF4BD12932D71A054

[VEDA2 KX64-SRC] slot=1 source=original-ms-burst before_payload_xor=1

[VEDA NEW] CPS-key16 set: AAAAAAAAAAAAAAAAAAAAAAAAAAAAAAAA
[VEDA2 MS VOICE] slot=0 hyp=0 try=130 cps=1 kx64=1 cand=1 vlc=1 emb=1

[4] [MS VOIC_288] db=0xEB 020800B4F5AFBB6FA1E098185E2EE873F170A361E8274F2975633D20AF0608779345C597

[VEDA2 KX64-SRC] slot=1 source=original-ms-burst before_payload_xor=1

[VEDA NEW] CPS-key16 set: AAAAAAAAAAAAAAAAAAAAAAAAAAAAAAAA
[VEDA2 MS VOICE] slot=0 hyp=0 try=131 cps=1 kx64=1 cand=1 vlc=1 emb=1

[5] [MS VOIC_288] db=0xEB 0820000B261F1D1630D457DC5EFE7DC9015A9AC0AA00775A98954475E923E53BB68C6997

[VEDA2 KX64-SRC] slot=1 source=original-ms-burst before_payload_xor=1

[VEDA NEW] CPS-key16 set: AAAAAAAAAAAAAAAAAAAAAAAAAAAAAAAA
[VEDA2 MS VOICE] slot=0 hyp=0 try=132 cps=1 kx64=1 cand=1 vlc=1 emb=1

[6] [MS VOIC_288] db=0xEB 20A8009D8F1335F217EB9B79B018C33E611389185A5E25C610A63FB6C721B87149BFB23A

[VEDA2 KX64-SRC] slot=1 source=original-ms-burst before_payload_xor=1

[VEDA RAW BURST] db=0xEB info=140F14091712909C0A361E82A9AC0AA0000000000000000000

[VEDA DB] slot=1 databurst=0xEB ms=1 stereo=1 payload_algid=0x00
[VEDA HARDCORE] db=0xEB len=9 crc=1 fec_err=0 raw=03000001AF546E9533

[VEDA EMB8] slot=1 b0=03 b1=00 w2=0100 w4=54AF w6=956E

[VEDA RAW] slot=1 sess=5 seq=5 kind=EMB sf=22 len=9 crc=1 irr=0 db=EB aux=03 00 00 00 raw=03000001AF546E9533

[VEDA MS EMB] slot=1 sf=21 len=9 crc=1 fec_err=0 changed=0 uniq=1 raw=03000001AF546E9533

[VEDA2 CAND] src=3 sf=22 len=9 count=13 raw=03000001AF546E9533
[32m SLOT 1 TGT=110420 SRC=7247155 Private Call [0m 
[31m SLOT 1 SB/RC (FEC ERR) E:8; I:389185A5 D:000; [0m FEC ERR 8. Power 0

[VEDA RAW] slot=1 sess=5 seq=6 kind=MI sf=22 len=4 crc=0 irr=0 db=00 aux=00 00 00 00 raw=389185A5

[VEDA MS VOICE-DYN32] slot=1 sf=21 source=VOICE-SBRC32 dyn32=389185A5

[VEDA] SBRC-MI slot=1 I=389185A5
 irr_err 8;
KV|IV set from MI: 00000000 ... 00000000

[VEDA] WAIT_SESSION slot=1 payload_mi=0000000000000000 eff_mi=00000000389185A5

[VEDA BASE] tag=PREVOICE slot=1 sf=22/21 tg=110420 src=7247155 sess_valid=0 stream_valid=0 kx_pos=64 vendor_mi_valid=1 vendor_mi32=389185A5 eff_mi=00000000389185A5 last_hdr_valid=1 last_hdr_src=2 b0=03 b1=00 w2=0100 w4=54AF w6=956E sm=0 len_lo=0 len_hi=0 f9_count=0

[1] [MS VOIC_288] db=0xEB 20880060CDB0DF5141AEA780C290662167F7D5DD53DFD3A1A4D426FCBB79AD958F0C8581

[VEDA2 KX64-SRC] slot=1 source=original-ms-burst before_payload_xor=1
498093   10.377 |  Sync: +DMR MS/DM MODE/MONO | Color Code=01 | VC* 

[VEDA NEW] CPS-key16 set: AAAAAAAAAAAAAAAAAAAAAAAAAAAAAAAA
[VEDA2 MS VOICE] slot=0 hyp=0 try=133 cps=1 kx64=1 cand=1 vlc=1 emb=1

[VEDA NEW] CPS-key16 set: AAAAAAAAAAAAAAAAAAAAAAAAAAAAAAAA
[VEDA2 MS VOICE] slot=0 hyp=0 try=134 cps=1 kx64=1 cand=1 vlc=1 emb=1

[2] [MS VOIC_288] db=0xEB 20A800859F0E7E4EB8055A26A54F6B33C13140F140991247848EE1DE130EC7275AC208A8

[VEDA2 KX64-SRC] slot=1 source=original-ms-burst before_payload_xor=1

[VEDA NEW] CPS-key16 set: AAAAAAAAAAAAAAAAAAAAAAAAAAAAAAAA
[VEDA2 MS VOICE] slot=0 hyp=0 try=135 cps=1 kx64=1 cand=1 vlc=1 emb=1

[3] [MS VOIC_288] db=0xEB 802000A73C841B48C4D403AF9C4370E95171712909C743A23FF398FF78FA8B0E957A68A0

[VEDA2 KX64-SRC] slot=1 source=original-ms-burst before_payload_xor=1

[VEDA NEW] CPS-key16 set: AAAAAAAAAAAAAAAAAAAAAAAAAAAAAAAA
[VEDA2 MS VOICE] slot=0 hyp=0 try=136 cps=1 kx64=1 cand=1 vlc=1 emb=1

[4] [MS VOIC_288] db=0xEB A224002254713C1AC06602E9106B93C53170A361E827407B93871B0F28A0CEEBE68668E3

[VEDA2 KX64-SRC] slot=1 source=original-ms-burst before_payload_xor=1

[VEDA NEW] CPS-key16 set: AAAAAAAAAAAAAAAAAAAAAAAAAAAAAAAA
[VEDA2 MS VOICE] slot=0 hyp=0 try=137 cps=1 kx64=1 cand=1 vlc=1 emb=1

[5] [MS VOIC_288] db=0xEB 19BA2F29E694E1C3845282E0AA006C5B0C6C3290856CB0E1315070D20003000000008000

[VEDA2 KX64-SRC] slot=1 source=original-ms-burst before_payload_xor=1

[VEDA NEW] CPS-key16 set: AAAAAAAAAAAAAAAAAAAAAAAAAAAAAAAA
[VEDA2 MS VOICE] slot=0 hyp=0 try=138 cps=1 kx64=1 cand=1 vlc=1 emb=1

[6] [MS VOIC_288] db=0xEB 2F06A01A184D036C1046C802521B088A2E3E8A5B15EBF152826F9BAB8001822000080000

[VEDA2 KX64-SRC] slot=1 source=original-ms-burst before_payload_xor=1

[VEDA RAW BURST] db=0xEB info=140F14091712909C0A361E82C3290856000000000000000000

[VEDA DB] slot=1 databurst=0xEB ms=1 stereo=1 payload_algid=0x00
[VEDA HARDCORE] db=0xEB len=9 crc=0 fec_err=10 raw=AAB556AAAF5465193B

[VEDA LCDROP] slot=1 type=3 crc=0 irr=10 b0=AA b1=B5 w2=AA56 w4=54AF w6=1965 raw=AAB556AAAF5465193B
[31m SLOT 1 FLCO FEC ERR[0m[31m (FEC ERR) 10. 
[0m
KV|IV set from MI: 00000000 ... 00000000

[VEDA] WAIT_SESSION slot=1 payload_mi=0000000000000000 eff_mi=00000000389185A5

[VEDA BASE] tag=PREVOICE slot=1 sf=23/22 tg=110420 src=7247155 sess_valid=0 stream_valid=0 kx_pos=64 vendor_mi_valid=1 vendor_mi32=389185A5 eff_mi=00000000389185A5 last_hdr_valid=1 last_hdr_src=2 b0=03 b1=00 w2=0100 w4=54AF w6=956E sm=0 len_lo=0 len_hi=0 f9_count=0

[1] [MS VOIC_288] db=0xEB A8A000F1922236D36B6DDB07E9F4A634E7F7D5DD53DFDE65465A91902E4D69B5B6660ECC

[VEDA2 KX64-SRC] slot=1 source=original-ms-burst before_payload_xor=1
532337   11.090 |  Sync: +DMR MS/DM MODE/MONO | Color Code=01 | VC* 

[VEDA NEW] CPS-key16 set: AAAAAAAAAAAAAAAAAAAAAAAAAAAAAAAA
[VEDA2 MS VOICE] slot=0 hyp=0 try=139 cps=1 kx64=1 cand=1 vlc=1 emb=1

[VEDA NEW] CPS-key16 set: AAAAAAAAAAAAAAAAAAAAAAAAAAAAAAAA
[VEDA2 MS VOICE] slot=0 hyp=0 try=140 cps=1 kx64=1 cand=1 vlc=1 emb=1

[2] [MS VOIC_288] db=0xEB 80880081DAB8D2DCD752F0189388FACC413140F140991AEA4B471703C7673B1312FC3103

[VEDA2 KX64-SRC] slot=1 source=original-ms-burst before_payload_xor=1

[VEDA NEW] CPS-key16 set: AAAAAAAAAAAAAAAAAAAAAAAAAAAAAAAA
[VEDA2 MS VOICE] slot=0 hyp=0 try=141 cps=1 kx64=1 cand=1 vlc=1 emb=1

[3] [MS VOIC_288] db=0xEB 282400B44706DF28B8059287876E422A9171712909C74595DA167E1504072010D9405DAD

[VEDA2 KX64-SRC] slot=1 source=original-ms-burst before_payload_xor=1

[VEDA NEW] CPS-key16 set: AAAAAAAAAAAAAAAAAAAAAAAAAAAAAAAA
[VEDA2 MS VOICE] slot=0 hyp=0 try=142 cps=1 kx64=1 cand=1 vlc=1 emb=1

[4] [MS VOIC_288] db=0xEB A00C00C1A19A0015B5394018E256E9943170A361E82747AE1B4C339515D38CD08A1DC551

[VEDA2 KX64-SRC] slot=1 source=original-ms-burst before_payload_xor=1

[VEDA NEW] CPS-key16 set: AAAAAAAAAAAAAAAAAAAAAAAAAAAAAAAA
[VEDA2 MS VOICE] slot=0 hyp=0 try=143 cps=1 kx64=1 cand=1 vlc=1 emb=1

[5] [MS VOIC_288] db=0xEB 802400259779092500230F81CC742827115A9AC0AA00710D999C24FF2E04F01CAB64351D

[VEDA2 KX64-SRC] slot=1 source=original-ms-burst before_payload_xor=1

[VEDA NEW] CPS-key16 set: AAAAAAAAAAAAAAAAAAAAAAAAAAAAAAAA
[VEDA2 MS VOICE] slot=0 hyp=0 try=144 cps=1 kx64=1 cand=1 vlc=1 emb=1

[6] [MS VOIC_288] db=0xEB 082400E36EF083F787D0B7260BD4C550F11389185A5E2066589F0BCFE6475B03B29BCB28

[VEDA2 KX64-SRC] slot=1 source=original-ms-burst before_payload_xor=1

[VEDA RAW BURST] db=0xEB info=140F14091712909C0A361E82A9AC0AA0000000000000000000

[VEDA DB] slot=1 databurst=0xEB ms=1 stereo=1 payload_algid=0x00
[VEDA HARDCORE] db=0xEB len=9 crc=1 fec_err=0 raw=03000001AF546E9533

[VEDA EMB8] slot=1 b0=03 b1=00 w2=0100 w4=54AF w6=956E

[VEDA RAW] slot=1 sess=6 seq=1 kind=EMB sf=24 len=9 crc=1 irr=0 db=EB aux=03 00 00 00 raw=03000001AF546E9533

[VEDA MS EMB] slot=1 sf=23 len=9 crc=1 fec_err=0 changed=0 uniq=1 raw=03000001AF546E9533

[VEDA2 CAND] src=3 sf=24 len=9 count=14 raw=03000001AF546E9533
[32m SLOT 1 TGT=110420 SRC=7247155 Private Call [0m 
[31m SLOT 1 SB/RC (FEC ERR) E:8; I:389185A5 D:000; [0m FEC ERR 8. Power 0

[VEDA RAW] slot=1 sess=6 seq=2 kind=MI sf=24 len=4 crc=0 irr=0 db=00 aux=00 00 00 00 raw=389185A5

[VEDA MS VOICE-DYN32] slot=1 sf=23 source=VOICE-SBRC32 dyn32=389185A5

[VEDA] SBRC-MI slot=1 I=389185A5
 irr_err 8;
KV|IV set from MI: 00000000 ... 00000000

[VEDA] WAIT_SESSION slot=1 payload_mi=0000000000000000 eff_mi=00000000389185A5

[VEDA BASE] tag=PREVOICE slot=1 sf=24/23 tg=110420 src=7247155 sess_valid=0 stream_valid=0 kx_pos=64 vendor_mi_valid=1 vendor_mi32=389185A5 eff_mi=00000000389185A5 last_hdr_valid=1 last_hdr_src=2 b0=03 b1=00 w2=0100 w4=54AF w6=956E sm=0 len_lo=0 len_hi=0 f9_count=0

[1] [MS VOIC_288] db=0xEB 088000CB26DA35452ECC67DECB5C30B877F7D5DD57DFDB3E909214755F6CF890A6C7AE5B

[VEDA2 KX64-SRC] slot=1 source=original-ms-burst before_payload_xor=1
549618   11.450 |  Sync: +DMR MS/DM MODE/MONO | Color Code=01 | VC* 

[VEDA NEW] CPS-key16 set: AAAAAAAAAAAAAAAAAAAAAAAAAAAAAAAA
[VEDA2 MS VOICE] slot=0 hyp=0 try=145 cps=1 kx64=1 cand=1 vlc=1 emb=1

[VEDA NEW] CPS-key16 set: AAAAAAAAAAAAAAAAAAAAAAAAAAAAAAAA
[VEDA2 MS VOICE] slot=0 hyp=0 try=146 cps=1 kx64=1 cand=1 vlc=1 emb=1

[2] [MS VOIC_288] db=0xEB 20040071DE88D210A7B3391E6C58F87AE13140F140991B64B38EC836CA7340B6452D4D00

[VEDA2 KX64-SRC] slot=1 source=original-ms-burst before_payload_xor=1

[VEDA NEW] CPS-key16 set: AAAAAAAAAAAAAAAAAAAAAAAAAAAAAAAA
[VEDA2 MS VOICE] slot=0 hyp=0 try=147 cps=1 kx64=1 cand=1 vlc=1 emb=1

[3] [MS VOIC_288] db=0xEB 08240029FE7A3C1801A7A5C4653F974D1171712909C74F6D483B4C677198AAEB32AE22D4

[VEDA2 KX64-SRC] slot=1 source=original-ms-burst before_payload_xor=1

[VEDA NEW] CPS-key16 set: AAAAAAAAAAAAAAAAAAAAAAAAAAAAAAAA
[VEDA2 MS VOICE] slot=0 hyp=0 try=148 cps=1 kx64=1 cand=1 vlc=1 emb=1

[4] [MS VOIC_288] db=0xEB 0008002DEB529A59337269F9CED07190B170A361E8274F435A34E4B46732577AB4AEEA99

[VEDA2 KX64-SRC] slot=1 source=original-ms-burst before_payload_xor=1

[VEDA NEW] CPS-key16 set: AAAAAAAAAAAAAAAAAAAAAAAAAAAAAAAA
[VEDA2 MS VOICE] slot=0 hyp=0 try=149 cps=1 kx64=1 cand=1 vlc=1 emb=1

[5] [MS VOIC_288] db=0xEB 2220008257354382F6B321D38204C69E215A9AC0AA007CEA625E08DC92AFBA64D36D88FB

[VEDA2 KX64-SRC] slot=1 source=original-ms-burst before_payload_xor=1

[VEDA NEW] CPS-key16 set: AAAAAAAAAAAAAAAAAAAAAAAAAAAAAAAA
[VEDA2 MS VOICE] slot=0 hyp=0 try=150 cps=1 kx64=1 cand=1 vlc=1 emb=1

[6] [MS VOIC_288] db=0xEB 2020000EAC676B6A4068DE57A3B32E99C11389185A5E2F9159581E5CE2E2951197796A08

[VEDA2 KX64-SRC] slot=1 source=original-ms-burst before_payload_xor=1

[VEDA RAW BURST] db=0xEB info=140F14091712909C0A361E82A9AC0AA0000000000000000000

[VEDA DB] slot=1 databurst=0xEB ms=1 stereo=1 payload_algid=0x00
[VEDA HARDCORE] db=0xEB len=9 crc=1 fec_err=0 raw=03000001AF546E9533

[VEDA EMB8] slot=1 b0=03 b1=00 w2=0100 w4=54AF w6=956E

[VEDA RAW] slot=1 sess=6 seq=3 kind=EMB sf=25 len=9 crc=1 irr=0 db=EB aux=03 00 00 00 raw=03000001AF546E9533

[VEDA MS EMB] slot=1 sf=24 len=9 crc=1 fec_err=0 changed=0 uniq=1 raw=03000001AF546E9533

[VEDA2 CAND] src=3 sf=25 len=9 count=15 raw=03000001AF546E9533
[32m SLOT 1 TGT=110420 SRC=7247155 Private Call [0m 
[31m SLOT 1 SB/RC (FEC ERR) E:8; I:389185A5 D:000; [0m FEC ERR 8. Power 0

[VEDA RAW] slot=1 sess=6 seq=4 kind=MI sf=25 len=4 crc=0 irr=0 db=00 aux=00 00 00 00 raw=389185A5

[VEDA MS VOICE-DYN32] slot=1 sf=24 source=VOICE-SBRC32 dyn32=389185A5

[VEDA] SBRC-MI slot=1 I=389185A5
 irr_err 8;
KV|IV set from MI: 00000000 ... 00000000

[VEDA] WAIT_SESSION slot=1 payload_mi=0000000000000000 eff_mi=00000000389185A5

[VEDA BASE] tag=PREVOICE slot=1 sf=25/24 tg=110420 src=7247155 sess_valid=0 stream_valid=0 kx_pos=64 vendor_mi_valid=1 vendor_mi32=389185A5 eff_mi=00000000389185A5 last_hdr_valid=1 last_hdr_src=2 b0=03 b1=00 w2=0100 w4=54AF w6=956E sm=0 len_lo=0 len_hi=0 f9_count=0

[1] [MS VOIC_288] db=0xEB 2026007B1E20642018920A3F5EC83813A7F7D5DD57DFD05289E1B1020BD627816E453A1C

[VEDA2 KX64-SRC] slot=1 source=original-ms-burst before_payload_xor=1
566898   11.810 |  Sync: +DMR MS/DM MODE/MONO | Color Code=01 | VC* 

[VEDA NEW] CPS-key16 set: AAAAAAAAAAAAAAAAAAAAAAAAAAAAAAAA
[VEDA2 MS VOICE] slot=0 hyp=0 try=151 cps=1 kx64=1 cand=1 vlc=1 emb=1

[VEDA NEW] CPS-key16 set: AAAAAAAAAAAAAAAAAAAAAAAAAAAAAAAA
[VEDA2 MS VOICE] slot=0 hyp=0 try=152 cps=1 kx64=1 cand=1 vlc=1 emb=1

[2] [MS VOIC_288] db=0xEB 802000D18952A5954498FD941E0F3782013140F140991B33CB4BDA64DD271AF6313EA63E

[VEDA2 KX64-SRC] slot=1 source=original-ms-burst before_payload_xor=1

[VEDA NEW] CPS-key16 set: AAAAAAAAAAAAAAAAAAAAAAAAAAAAAAAA
[VEDA2 MS VOICE] slot=0 hyp=0 try=153 cps=1 kx64=1 cand=1 vlc=1 emb=1

[3] [MS VOIC_288] db=0xEB 2280009B1EC8FF36B96FEDCC4104CE822171712909C74BA7D4883674EE1F00D6B0530BE2

[VEDA2 KX64-SRC] slot=1 source=original-ms-burst before_payload_xor=1

[VEDA NEW] CPS-key16 set: AAAAAAAAAAAAAAAAAAAAAAAAAAAAAAAA
[VEDA2 MS VOICE] slot=0 hyp=0 try=154 cps=1 kx64=1 cand=1 vlc=1 emb=1

[4] [MS VOIC_288] db=0xEB 802000258D9E6CC04E74329FB769A6744170A361E8274F9E23BC6FB8F00AA6CA6C6318CF

[VEDA2 KX64-SRC] slot=1 source=original-ms-burst before_payload_xor=1

[VEDA NEW] CPS-key16 set: AAAAAAAAAAAAAAAAAAAAAAAAAAAAAAAA
[VEDA2 MS VOICE] slot=0 hyp=0 try=155 cps=1 kx64=1 cand=1 vlc=1 emb=1

[5] [MS VOIC_288] db=0xEB 2024004625EC39968D411A21104B4FA3715A9AC0AA00714B691676D051213CCC081103F1

[VEDA2 KX64-SRC] slot=1 source=original-ms-burst before_payload_xor=1

[VEDA NEW] CPS-key16 set: AAAAAAAAAAAAAAAAAAAAAAAAAAAAAAAA
[VEDA2 MS VOICE] slot=0 hyp=0 try=156 cps=1 kx64=1 cand=1 vlc=1 emb=1

[6] [MS VOIC_288] db=0xEB 0088007DC5A085A6B79450816B5C2DDDE11389185A5E2B04ECF4BD2C57225910644C7B7E

[VEDA2 KX64-SRC] slot=1 source=original-ms-burst before_payload_xor=1

[VEDA RAW BURST] db=0xEB info=140F14091712909C0A361E82A9AC0AA0000000000000000000

[VEDA DB] slot=1 databurst=0xEB ms=1 stereo=1 payload_algid=0x00
[VEDA HARDCORE] db=0xEB len=9 crc=1 fec_err=0 raw=03000001AF546E9533

[VEDA EMB8] slot=1 b0=03 b1=00 w2=0100 w4=54AF w6=956E

[VEDA RAW] slot=1 sess=6 seq=5 kind=EMB sf=26 len=9 crc=1 irr=0 db=EB aux=03 00 00 00 raw=03000001AF546E9533

[VEDA MS EMB] slot=1 sf=25 len=9 crc=1 fec_err=0 changed=0 uniq=1 raw=03000001AF546E9533

[VEDA2 CAND] src=3 sf=26 len=9 count=16 raw=03000001AF546E9533
[32m SLOT 1 TGT=110420 SRC=7247155 Private Call [0m 
[31m SLOT 1 SB/RC (FEC ERR) E:8; I:389185A5 D:000; [0m FEC ERR 8. Power 0

[VEDA RAW] slot=1 sess=6 seq=6 kind=MI sf=26 len=4 crc=0 irr=0 db=00 aux=00 00 00 00 raw=389185A5

[VEDA MS VOICE-DYN32] slot=1 sf=25 source=VOICE-SBRC32 dyn32=389185A5

[VEDA] SBRC-MI slot=1 I=389185A5
 irr_err 8;
KV|IV set from MI: 00000000 ... 00000000

[VEDA] WAIT_SESSION slot=1 payload_mi=0000000000000000 eff_mi=00000000389185A5

[VEDA BASE] tag=PREVOICE slot=1 sf=26/25 tg=110420 src=7247155 sess_valid=0 stream_valid=0 kx_pos=64 vendor_mi_valid=1 vendor_mi32=389185A5 eff_mi=00000000389185A5 last_hdr_valid=1 last_hdr_src=2 b0=03 b1=00 w2=0100 w4=54AF w6=956E sm=0 len_lo=0 len_hi=0 f9_count=0

[1] [MS VOIC_288] db=0xEB 882000C46350871FDB070EABC6E85CB7E7F7D5DD57DFD05002F573F2FA61F82B916181C7

[VEDA2 KX64-SRC] slot=1 source=original-ms-burst before_payload_xor=1
584178   12.170 |  Sync: +DMR MS/DM MODE/MONO | Color Code=01 | VC* 

[VEDA NEW] CPS-key16 set: AAAAAAAAAAAAAAAAAAAAAAAAAAAAAAAA
[VEDA2 MS VOICE] slot=0 hyp=0 try=157 cps=1 kx64=1 cand=1 vlc=1 emb=1

[VEDA NEW] CPS-key16 set: AAAAAAAAAAAAAAAAAAAAAAAAAAAAAAAA
[VEDA2 MS VOICE] slot=0 hyp=0 try=158 cps=1 kx64=1 cand=1 vlc=1 emb=1

[2] [MS VOIC_288] db=0xEB 006800E5C0F6175C481481A623DF9936B13140F1409913E9E1A4A563199FF90B1FBD9264

[VEDA2 KX64-SRC] slot=1 source=original-ms-burst before_payload_xor=1

[VEDA NEW] CPS-key16 set: AAAAAAAAAAAAAAAAAAAAAAAAAAAAAAAA
[VEDA2 MS VOICE] slot=0 hyp=0 try=159 cps=1 kx64=1 cand=1 vlc=1 emb=1

[3] [MS VOIC_288] db=0xEB 82000007B2B2C1CBF63C04505E9E059DA171712909C741E7CEFBB2EFF78A7B5497261C22

[VEDA2 KX64-SRC] slot=1 source=original-ms-burst before_payload_xor=1

[VEDA NEW] CPS-key16 set: AAAAAAAAAAAAAAAAAAAAAAAAAAAAAAAA
[VEDA2 MS VOICE] slot=0 hyp=0 try=160 cps=1 kx64=1 cand=1 vlc=1 emb=1

[4] [MS VOIC_288] db=0xEB 882400D2D79C9702C00082C2CC2A0EDE9170A361E82747C3751C208D571D7FA11C252894

[VEDA2 KX64-SRC] slot=1 source=original-ms-burst before_payload_xor=1

[VEDA NEW] CPS-key16 set: AAAAAAAAAAAAAAAAAAAAAAAAAAAAAAAA
[VEDA2 MS VOICE] slot=0 hyp=0 try=161 cps=1 kx64=1 cand=1 vlc=1 emb=1

[5] [MS VOIC_288] db=0xEB 00240023713A74CB70A7918B2728EFF0715A9AC0AA0079B7FD47C5C5E6EE7EE1120598CB

[VEDA2 KX64-SRC] slot=1 source=original-ms-burst before_payload_xor=1

[VEDA NEW] CPS-key16 set: AAAAAAAAAAAAAAAAAAAAAAAAAAAAAAAA
[VEDA2 MS VOICE] slot=0 hyp=0 try=162 cps=1 kx64=1 cand=1 vlc=1 emb=1

[6] [MS VOIC_288] db=0xEB 0004004FFD1DCA0DB45D2B5952A156F6B11389185A5E24527C446F720597FA459C0DBFE5

[VEDA2 KX64-SRC] slot=1 source=original-ms-burst before_payload_xor=1

[VEDA RAW BURST] db=0xEB info=140F14091712909C0A361E82A9AC0AA0000000000000000000

[VEDA DB] slot=1 databurst=0xEB ms=1 stereo=1 payload_algid=0x00
[VEDA HARDCORE] db=0xEB len=9 crc=1 fec_err=0 raw=03000001AF546E9533

[VEDA EMB8] slot=1 b0=03 b1=00 w2=0100 w4=54AF w6=956E

[VEDA RAW] slot=1 sess=6 seq=7 kind=EMB sf=27 len=9 crc=1 irr=0 db=EB aux=03 00 00 00 raw=03000001AF546E9533

[VEDA MS EMB] slot=1 sf=26 len=9 crc=1 fec_err=0 changed=0 uniq=1 raw=03000001AF546E9533

[VEDA2 CAND] src=3 sf=27 len=9 count=17 raw=03000001AF546E9533
[32m SLOT 1 TGT=110420 SRC=7247155 Private Call [0m 
[31m SLOT 1 SB/RC (FEC ERR) E:8; I:389185A5 D:000; [0m FEC ERR 8. Power 0

[VEDA RAW] slot=1 sess=6 seq=8 kind=MI sf=27 len=4 crc=0 irr=0 db=00 aux=00 00 00 00 raw=389185A5

[VEDA MS VOICE-DYN32] slot=1 sf=26 source=VOICE-SBRC32 dyn32=389185A5

[VEDA] SBRC-MI slot=1 I=389185A5
 irr_err 8;
KV|IV set from MI: 00000000 ... 00000000

[VEDA] WAIT_SESSION slot=1 payload_mi=0000000000000000 eff_mi=00000000389185A5

[VEDA BASE] tag=PREVOICE slot=1 sf=27/26 tg=110420 src=7247155 sess_valid=0 stream_valid=0 kx_pos=64 vendor_mi_valid=1 vendor_mi32=389185A5 eff_mi=00000000389185A5 last_hdr_valid=1 last_hdr_src=2 b0=03 b1=00 w2=0100 w4=54AF w6=956E sm=0 len_lo=0 len_hi=0 f9_count=0
601458   12.530 |  Sync: +DMR MS/DM MODE/MONO | Color Code=01 | Color Code=01 [MS DATA 288] db=0x02 00028058741445134A03702817370384AD5D7F77FD757967A471A81EE66FA504DC6F06DA

[VEDA RAW BURST] db=0x02 info=58741445134A037028173703BA471A81EE66FA504DC6F06DA0

[VEDA DB] slot=1 databurst=0x02 ms=1 stereo=1 payload_algid=0x00| TLC vp =  TLC  
[VEDA HARDCORE] db=0x02 len=12 crc=1 fec_err=0 raw=034402171D125432CBAD37D7

[VEDA RAW] slot=1 sess=6 seq=9 kind=TLC sf=27 len=9 crc=1 irr=0 db=02 aux=03 44 02 00 raw=034402171D125432CB

[VEDA2 CAND] src=4 sf=27 len=9 count=18 raw=034402171D125432CB

[VEDA CAND] slot=1 seq=3 src=TLC02 sf=27 len=9 prev=VC_EMB same_prev=0 ref_mbc=0 ref_vlc=0 role=TAIL_TLC has_sbx256=0 has_prssentr=0 bytes=034402171D125432CB

[VEDA PATH] slot=1 sess=1 reason=tail pattern=VLC_VOICE_TAIL_TLC sf=1..27 mbc_seq=0 vlc_seq=1 voice_seq=2 tail_seq=3 tail=2 db06=0 db07=0 mbc48=0 kx_try=0

[VEDA2 BRIDGE-RESET] slot=1 source=TLC02 reason=db02/tlc
[33m 
 SLOT 1 Unknown LC  FLCO=0x03 FID=0x44 [0m[VEDA KX] Resetting buffer due to TLC (End of Call)

Sync: no sync

End of /home/dgm/TEST/1_VEDA/VEDA2_20250626-1750922090300-144125000-12500-1-1-ЧМ-176880.wav
[SCOUT] opts.run_scout 1, state.ngroups 1!!!! SC.ngroups 1, valid_pairs_cnt 0
 SC.ngroups 1, valid_pairs_cnt 0
[SCOUT] JSON saved: ./scout.json (groups=1)

Total audio errors: 165
Total header errors: 0
Total irrecoverable header errors: 0
Exiting.
